<?xml version="1.0" encoding="UTF-8"?>
<testsuite xmlns:xsi="http://www.w3.org/2001/XMLSchema-instance" xsi:noNamespaceSchemaLocation="https://maven.apache.org/surefire/maven-surefire-plugin/xsd/surefire-test-report.xsd" name="de.oderkerk.tools.boot.fileuploader.FileUploadIntegrationTests" time="4.364" tests="2" errors="2" skipped="0" failures="0">
  <properties>
[...]
</properties>
  <testcase name="shouldUploadFile" classname="de.oderkerk.tools.boot.fileuploader.FileUploadIntegrationTests" time="0.007">
    <error message="Failed to load ApplicationContext" type="java.lang.IllegalStateException">java.lang.IllegalStateException: Failed to load ApplicationContext
Caused by: org.springframework.beans.factory.UnsatisfiedDependencyException: Error creating bean with name 'webSecurityConfig': Unsatisfied dependency expressed through field 'authEntryPoint'; nested exception is org.springframework.beans.factory.NoSuchBeanDefinitionException: No qualifying bean of type 'org.springframework.security.web.AuthenticationEntryPoint' available: expected at least 1 bean which qualifies as autowire candidate. Dependency annotations: {@org.springframework.beans.factory.annotation.Autowired(required=true)}
Caused by: org.springframework.beans.factory.NoSuchBeanDefinitionException: No qualifying bean of type 'org.springframework.security.web.AuthenticationEntryPoint' available: expected at least 1 bean which qualifies as autowire candidate. Dependency annotations: {@org.springframework.beans.factory.annotation.Autowired(required=true)}
</error>
    <system-out><![CDATA[15:41:51.340 [main] DEBUG org.springframework.test.context.junit4.SpringJUnit4ClassRunner - SpringJUnit4ClassRunner constructor called with [class de.oderkerk.tools.boot.fileuploader.FileUploadIntegrationTests]
15:41:51.346 [main] DEBUG org.springframework.test.context.BootstrapUtils - Instantiating CacheAwareContextLoaderDelegate from class [org.springframework.test.context.cache.DefaultCacheAwareContextLoaderDelegate]
15:41:51.354 [main] DEBUG org.springframework.test.context.BootstrapUtils - Instantiating BootstrapContext using constructor [public org.springframework.test.context.support.DefaultBootstrapContext(java.lang.Class,org.springframework.test.context.CacheAwareContextLoaderDelegate)]
15:41:51.368 [main] DEBUG org.springframework.test.context.BootstrapUtils - Instantiating TestContextBootstrapper for test class [de.oderkerk.tools.boot.fileuploader.FileUploadIntegrationTests] from class [org.springframework.boot.test.context.SpringBootTestContextBootstrapper]
15:41:51.381 [main] INFO org.springframework.boot.test.context.SpringBootTestContextBootstrapper - Neither @ContextConfiguration nor @ContextHierarchy found for test class [de.oderkerk.tools.boot.fileuploader.FileUploadIntegrationTests], using SpringBootContextLoader
15:41:51.385 [main] DEBUG org.springframework.test.context.support.AbstractContextLoader - Did not detect default resource location for test class [de.oderkerk.tools.boot.fileuploader.FileUploadIntegrationTests]: class path resource [de/oderkerk/tools/boot/fileuploader/FileUploadIntegrationTests-context.xml] does not exist
15:41:51.385 [main] DEBUG org.springframework.test.context.support.AbstractContextLoader - Did not detect default resource location for test class [de.oderkerk.tools.boot.fileuploader.FileUploadIntegrationTests]: class path resource [de/oderkerk/tools/boot/fileuploader/FileUploadIntegrationTestsContext.groovy] does not exist
15:41:51.385 [main] INFO org.springframework.test.context.support.AbstractContextLoader - Could not detect default resource locations for test class [de.oderkerk.tools.boot.fileuploader.FileUploadIntegrationTests]: no resource found for suffixes {-context.xml, Context.groovy}.
15:41:51.386 [main] INFO org.springframework.test.context.support.AnnotationConfigContextLoaderUtils - Could not detect default configuration classes for test class [de.oderkerk.tools.boot.fileuploader.FileUploadIntegrationTests]: FileUploadIntegrationTests does not declare any static, non-private, non-final, nested classes annotated with @Configuration.
15:41:51.427 [main] DEBUG org.springframework.test.context.support.ActiveProfilesUtils - Could not find an 'annotation declaring class' for annotation type [org.springframework.test.context.ActiveProfiles] and class [de.oderkerk.tools.boot.fileuploader.FileUploadIntegrationTests]
15:41:51.433 [main] DEBUG org.springframework.core.env.StandardEnvironment - Adding PropertySource 'systemProperties' with lowest search precedence
15:41:51.433 [main] DEBUG org.springframework.core.env.StandardEnvironment - Adding PropertySource 'systemEnvironment' with lowest search precedence
15:41:51.434 [main] DEBUG org.springframework.core.env.StandardEnvironment - Initialized StandardEnvironment with PropertySources [MapPropertySource@1107730949 {name='systemProperties', properties={java.runtime.name=Java(TM) SE Runtime Environment, sun.boot.library.path=C:\Program Files\Java\jdk1.8.0_74\jre\bin, java.vm.version=25.74-b02, java.vm.vendor=Oracle Corporation, java.vendor.url=http://java.oracle.com/, path.separator=;, java.vm.name=Java HotSpot(TM) 64-Bit Server VM, file.encoding.pkg=sun.io, user.country=DE, user.script=, sun.java.launcher=SUN_STANDARD, sun.os.patch.level=, java.vm.specification.name=Java Virtual Machine Specification, user.dir=E:\eclipse-ws\FileAdmin, java.runtime.version=1.8.0_74-b02, basedir=E:\eclipse-ws\FileAdmin, java.awt.graphicsenv=sun.awt.Win32GraphicsEnvironment, java.endorsed.dirs=C:\Program Files\Java\jdk1.8.0_74\jre\lib\endorsed, os.arch=amd64, surefire.real.class.path=C:\Users\Odin\AppData\Local\Temp\surefire8319725078250736634\surefirebooter1855315651548225389.jar, java.io.tmpdir=C:\Users\Odin\AppData\Local\Temp\, line.separator=
, java.vm.specification.vendor=Oracle Corporation, user.variant=, os.name=Windows 10, sun.jnu.encoding=Cp1252, java.library.path=C:\Program Files\Java\jdk1.8.0_74\jre\bin;C:\WINDOWS\Sun\Java\bin;C:\WINDOWS\system32;C:\WINDOWS;C:/Program Files/Java/jre1.8.0_161/bin/server;C:/Program Files/Java/jre1.8.0_161/bin;C:/Program Files/Java/jre1.8.0_161/lib/amd64;C:\ProgramData\Oracle\Java\javapath;C:\GTK\bin;C:\Program Files (x86)\Brackets\command;C:\Program Files\nodejs\;C:\Program Files\Amazon\AWSCLI\;;C:\WINDOWS\system32;C:\WINDOWS;C:\WINDOWS\System32\Wbem;C:\WINDOWS\System32\WindowsPowerShell\v1.0\;C:\Program Files\PuTTY\;E:\Ruby200-x64\bin;C:\msysgit;C:\Users\Odin\AppData\Local\Microsoft\WindowsApps;C:\Program Files (x86)\Microsoft VS Code\bin;C:\Users\Odin\AppData\Roaming\npm\node_modules\cordova;C:\Program Files\Git\cmd\git.exe;C:\Users\Odin\AppData\Local\atom\bin;C:\Program Files\nodejs\;C:\Users\Odin\AppData\Roaming\npm;c:\Windows\system32;c:\Windows;%DASHLANE_DLL_DIR%;C:\Users\Odin\AppData\Local\Microsoft\WindowsApps;;D:\Users\Odin\Desktop;;., surefire.test.class.path=E:\eclipse-ws\FileAdmin\target\test-classes;E:\eclipse-ws\FileAdmin\target\classes;e:\maven\repo\org\springframework\boot\spring-boot-starter-web\2.0.0.RELEASE\spring-boot-starter-web-2.0.0.RELEASE.jar;e:\maven\repo\org\springframework\boot\spring-boot-starter\2.0.0.RELEASE\spring-boot-starter-2.0.0.RELEASE.jar;e:\maven\repo\org\springframework\boot\spring-boot-starter-logging\2.0.0.RELEASE\spring-boot-starter-logging-2.0.0.RELEASE.jar;e:\maven\repo\ch\qos\logback\logback-classic\1.2.3\logback-classic-1.2.3.jar;e:\maven\repo\ch\qos\logback\logback-core\1.2.3\logback-core-1.2.3.jar;e:\maven\repo\org\apache\logging\log4j\log4j-to-slf4j\2.10.0\log4j-to-slf4j-2.10.0.jar;e:\maven\repo\org\apache\logging\log4j\log4j-api\2.10.0\log4j-api-2.10.0.jar;e:\maven\repo\org\slf4j\jul-to-slf4j\1.7.25\jul-to-slf4j-1.7.25.jar;e:\maven\repo\javax\annotation\javax.annotation-api\1.3.2\javax.annotation-api-1.3.2.jar;e:\maven\repo\org\yaml\snakeyaml\1.19\snakeyaml-1.19.jar;e:\maven\repo\org\springframework\boot\spring-boot-starter-json\2.0.0.RELEASE\spring-boot-starter-json-2.0.0.RELEASE.jar;e:\maven\repo\com\fasterxml\jackson\core\jackson-databind\2.9.4\jackson-databind-2.9.4.jar;e:\maven\repo\com\fasterxml\jackson\core\jackson-annotations\2.9.0\jackson-annotations-2.9.0.jar;e:\maven\repo\com\fasterxml\jackson\core\jackson-core\2.9.4\jackson-core-2.9.4.jar;e:\maven\repo\com\fasterxml\jackson\datatype\jackson-datatype-jdk8\2.9.4\jackson-datatype-jdk8-2.9.4.jar;e:\maven\repo\com\fasterxml\jackson\datatype\jackson-datatype-jsr310\2.9.4\jackson-datatype-jsr310-2.9.4.jar;e:\maven\repo\com\fasterxml\jackson\module\jackson-module-parameter-names\2.9.4\jackson-module-parameter-names-2.9.4.jar;e:\maven\repo\org\springframework\boot\spring-boot-starter-tomcat\2.0.0.RELEASE\spring-boot-starter-tomcat-2.0.0.RELEASE.jar;e:\maven\repo\org\apache\tomcat\embed\tomcat-embed-core\8.5.28\tomcat-embed-core-8.5.28.jar;e:\maven\repo\org\apache\tomcat\embed\tomcat-embed-el\8.5.28\tomcat-embed-el-8.5.28.jar;e:\maven\repo\org\apache\tomcat\embed\tomcat-embed-websocket\8.5.28\tomcat-embed-websocket-8.5.28.jar;e:\maven\repo\org\hibernate\validator\hibernate-validator\6.0.7.Final\hibernate-validator-6.0.7.Final.jar;e:\maven\repo\javax\validation\validation-api\2.0.1.Final\validation-api-2.0.1.Final.jar;e:\maven\repo\org\jboss\logging\jboss-logging\3.3.2.Final\jboss-logging-3.3.2.Final.jar;e:\maven\repo\com\fasterxml\classmate\1.3.4\classmate-1.3.4.jar;e:\maven\repo\org\springframework\spring-web\5.0.4.RELEASE\spring-web-5.0.4.RELEASE.jar;e:\maven\repo\org\springframework\spring-beans\5.0.4.RELEASE\spring-beans-5.0.4.RELEASE.jar;e:\maven\repo\org\springframework\spring-webmvc\5.0.4.RELEASE\spring-webmvc-5.0.4.RELEASE.jar;e:\maven\repo\org\springframework\spring-context\5.0.4.RELEASE\spring-context-5.0.4.RELEASE.jar;e:\maven\repo\org\springframework\spring-expression\5.0.4.RELEASE\spring-expression-5.0.4.RELEASE.jar;e:\maven\repo\org\springframework\boot\spring-boot-starter-thymeleaf\2.0.0.RELEASE\spring-boot-starter-thymeleaf-2.0.0.RELEASE.jar;e:\maven\repo\org\thymeleaf\thymeleaf-spring5\3.0.9.RELEASE\thymeleaf-spring5-3.0.9.RELEASE.jar;e:\maven\repo\org\thymeleaf\thymeleaf\3.0.9.RELEASE\thymeleaf-3.0.9.RELEASE.jar;e:\maven\repo\org\attoparser\attoparser\2.0.4.RELEASE\attoparser-2.0.4.RELEASE.jar;e:\maven\repo\org\unbescape\unbescape\1.1.5.RELEASE\unbescape-1.1.5.RELEASE.jar;e:\maven\repo\org\slf4j\slf4j-api\1.7.25\slf4j-api-1.7.25.jar;e:\maven\repo\org\thymeleaf\extras\thymeleaf-extras-java8time\3.0.1.RELEASE\thymeleaf-extras-java8time-3.0.1.RELEASE.jar;e:\maven\repo\org\springframework\boot\spring-boot-starter-test\2.0.0.RELEASE\spring-boot-starter-test-2.0.0.RELEASE.jar;e:\maven\repo\org\springframework\boot\spring-boot-test\2.0.0.RELEASE\spring-boot-test-2.0.0.RELEASE.jar;e:\maven\repo\org\springframework\boot\spring-boot-test-autoconfigure\2.0.0.RELEASE\spring-boot-test-autoconfigure-2.0.0.RELEASE.jar;e:\maven\repo\com\jayway\jsonpath\json-path\2.4.0\json-path-2.4.0.jar;e:\maven\repo\net\minidev\json-smart\2.3\json-smart-2.3.jar;e:\maven\repo\net\minidev\accessors-smart\1.2\accessors-smart-1.2.jar;e:\maven\repo\org\ow2\asm\asm\5.0.4\asm-5.0.4.jar;e:\maven\repo\junit\junit\4.12\junit-4.12.jar;e:\maven\repo\org\assertj\assertj-core\3.9.1\assertj-core-3.9.1.jar;e:\maven\repo\org\mockito\mockito-core\2.15.0\mockito-core-2.15.0.jar;e:\maven\repo\net\bytebuddy\byte-buddy\1.7.10\byte-buddy-1.7.10.jar;e:\maven\repo\net\bytebuddy\byte-buddy-agent\1.7.10\byte-buddy-agent-1.7.10.jar;e:\maven\repo\org\hamcrest\hamcrest-core\1.3\hamcrest-core-1.3.jar;e:\maven\repo\org\hamcrest\hamcrest-library\1.3\hamcrest-library-1.3.jar;e:\maven\repo\org\skyscreamer\jsonassert\1.5.0\jsonassert-1.5.0.jar;e:\maven\repo\com\vaadin\external\google\android-json\0.0.20131108.vaadin1\android-json-0.0.20131108.vaadin1.jar;e:\maven\repo\org\springframework\spring-core\5.0.4.RELEASE\spring-core-5.0.4.RELEASE.jar;e:\maven\repo\org\springframework\spring-jcl\5.0.4.RELEASE\spring-jcl-5.0.4.RELEASE.jar;e:\maven\repo\org\springframework\spring-test\5.0.4.RELEASE\spring-test-5.0.4.RELEASE.jar;e:\maven\repo\org\xmlunit\xmlunit-core\2.5.1\xmlunit-core-2.5.1.jar;e:\maven\repo\org\springframework\boot\spring-boot-devtools\2.0.0.RELEASE\spring-boot-devtools-2.0.0.RELEASE.jar;e:\maven\repo\org\springframework\boot\spring-boot\2.0.0.RELEASE\spring-boot-2.0.0.RELEASE.jar;e:\maven\repo\org\springframework\boot\spring-boot-autoconfigure\2.0.0.RELEASE\spring-boot-autoconfigure-2.0.0.RELEASE.jar;e:\maven\repo\org\webjars\bootstrap\3.3.7\bootstrap-3.3.7.jar;e:\maven\repo\org\webjars\jquery\3.1.1\jquery-3.1.1.jar;e:\maven\repo\org\springframework\boot\spring-boot-configuration-processor\2.0.0.RELEASE\spring-boot-configuration-processor-2.0.0.RELEASE.jar;e:\maven\repo\org\apache\commons\commons-compress\1.16.1\commons-compress-1.16.1.jar;e:\maven\repo\org\objenesis\objenesis\2.6\objenesis-2.6.jar;e:\maven\repo\org\springframework\boot\spring-boot-starter-security\1.5.10.RELEASE\spring-boot-starter-security-1.5.10.RELEASE.jar;e:\maven\repo\org\springframework\spring-aop\5.0.4.RELEASE\spring-aop-5.0.4.RELEASE.jar;e:\maven\repo\org\springframework\security\spring-security-config\5.0.3.RELEASE\spring-security-config-5.0.3.RELEASE.jar;e:\maven\repo\org\springframework\security\spring-security-core\5.0.3.RELEASE\spring-security-core-5.0.3.RELEASE.jar;e:\maven\repo\org\springframework\security\spring-security-web\5.0.3.RELEASE\spring-security-web-5.0.3.RELEASE.jar;, java.specification.name=Java Platform API Specification, java.class.version=52.0, sun.management.compiler=HotSpot 64-Bit Tiered Compilers, os.version=10.0, user.home=C:\Users\Odin, user.timezone=Europe/Berlin, java.awt.printerjob=sun.awt.windows.WPrinterJob, file.encoding=Cp1252, java.specification.version=1.8, java.class.path=E:\eclipse-ws\FileAdmin\target\test-classes;E:\eclipse-ws\FileAdmin\target\classes;e:\maven\repo\org\springframework\boot\spring-boot-starter-web\2.0.0.RELEASE\spring-boot-starter-web-2.0.0.RELEASE.jar;e:\maven\repo\org\springframework\boot\spring-boot-starter\2.0.0.RELEASE\spring-boot-starter-2.0.0.RELEASE.jar;e:\maven\repo\org\springframework\boot\spring-boot-starter-logging\2.0.0.RELEASE\spring-boot-starter-logging-2.0.0.RELEASE.jar;e:\maven\repo\ch\qos\logback\logback-classic\1.2.3\logback-classic-1.2.3.jar;e:\maven\repo\ch\qos\logback\logback-core\1.2.3\logback-core-1.2.3.jar;e:\maven\repo\org\apache\logging\log4j\log4j-to-slf4j\2.10.0\log4j-to-slf4j-2.10.0.jar;e:\maven\repo\org\apache\logging\log4j\log4j-api\2.10.0\log4j-api-2.10.0.jar;e:\maven\repo\org\slf4j\jul-to-slf4j\1.7.25\jul-to-slf4j-1.7.25.jar;e:\maven\repo\javax\annotation\javax.annotation-api\1.3.2\javax.annotation-api-1.3.2.jar;e:\maven\repo\org\yaml\snakeyaml\1.19\snakeyaml-1.19.jar;e:\maven\repo\org\springframework\boot\spring-boot-starter-json\2.0.0.RELEASE\spring-boot-starter-json-2.0.0.RELEASE.jar;e:\maven\repo\com\fasterxml\jackson\core\jackson-databind\2.9.4\jackson-databind-2.9.4.jar;e:\maven\repo\com\fasterxml\jackson\core\jackson-annotations\2.9.0\jackson-annotations-2.9.0.jar;e:\maven\repo\com\fasterxml\jackson\core\jackson-core\2.9.4\jackson-core-2.9.4.jar;e:\maven\repo\com\fasterxml\jackson\datatype\jackson-datatype-jdk8\2.9.4\jackson-datatype-jdk8-2.9.4.jar;e:\maven\repo\com\fasterxml\jackson\datatype\jackson-datatype-jsr310\2.9.4\jackson-datatype-jsr310-2.9.4.jar;e:\maven\repo\com\fasterxml\jackson\module\jackson-module-parameter-names\2.9.4\jackson-module-parameter-names-2.9.4.jar;e:\maven\repo\org\springframework\boot\spring-boot-starter-tomcat\2.0.0.RELEASE\spring-boot-starter-tomcat-2.0.0.RELEASE.jar;e:\maven\repo\org\apache\tomcat\embed\tomcat-embed-core\8.5.28\tomcat-embed-core-8.5.28.jar;e:\maven\repo\org\apache\tomcat\embed\tomcat-embed-el\8.5.28\tomcat-embed-el-8.5.28.jar;e:\maven\repo\org\apache\tomcat\embed\tomcat-embed-websocket\8.5.28\tomcat-embed-websocket-8.5.28.jar;e:\maven\repo\org\hibernate\validator\hibernate-validator\6.0.7.Final\hibernate-validator-6.0.7.Final.jar;e:\maven\repo\javax\validation\validation-api\2.0.1.Final\validation-api-2.0.1.Final.jar;e:\maven\repo\org\jboss\logging\jboss-logging\3.3.2.Final\jboss-logging-3.3.2.Final.jar;e:\maven\repo\com\fasterxml\classmate\1.3.4\classmate-1.3.4.jar;e:\maven\repo\org\springframework\spring-web\5.0.4.RELEASE\spring-web-5.0.4.RELEASE.jar;e:\maven\repo\org\springframework\spring-beans\5.0.4.RELEASE\spring-beans-5.0.4.RELEASE.jar;e:\maven\repo\org\springframework\spring-webmvc\5.0.4.RELEASE\spring-webmvc-5.0.4.RELEASE.jar;e:\maven\repo\org\springframework\spring-context\5.0.4.RELEASE\spring-context-5.0.4.RELEASE.jar;e:\maven\repo\org\springframework\spring-expression\5.0.4.RELEASE\spring-expression-5.0.4.RELEASE.jar;e:\maven\repo\org\springframework\boot\spring-boot-starter-thymeleaf\2.0.0.RELEASE\spring-boot-starter-thymeleaf-2.0.0.RELEASE.jar;e:\maven\repo\org\thymeleaf\thymeleaf-spring5\3.0.9.RELEASE\thymeleaf-spring5-3.0.9.RELEASE.jar;e:\maven\repo\org\thymeleaf\thymeleaf\3.0.9.RELEASE\thymeleaf-3.0.9.RELEASE.jar;e:\maven\repo\org\attoparser\attoparser\2.0.4.RELEASE\attoparser-2.0.4.RELEASE.jar;e:\maven\repo\org\unbescape\unbescape\1.1.5.RELEASE\unbescape-1.1.5.RELEASE.jar;e:\maven\repo\org\slf4j\slf4j-api\1.7.25\slf4j-api-1.7.25.jar;e:\maven\repo\org\thymeleaf\extras\thymeleaf-extras-java8time\3.0.1.RELEASE\thymeleaf-extras-java8time-3.0.1.RELEASE.jar;e:\maven\repo\org\springframework\boot\spring-boot-starter-test\2.0.0.RELEASE\spring-boot-starter-test-2.0.0.RELEASE.jar;e:\maven\repo\org\springframework\boot\spring-boot-test\2.0.0.RELEASE\spring-boot-test-2.0.0.RELEASE.jar;e:\maven\repo\org\springframework\boot\spring-boot-test-autoconfigure\2.0.0.RELEASE\spring-boot-test-autoconfigure-2.0.0.RELEASE.jar;e:\maven\repo\com\jayway\jsonpath\json-path\2.4.0\json-path-2.4.0.jar;e:\maven\repo\net\minidev\json-smart\2.3\json-smart-2.3.jar;e:\maven\repo\net\minidev\accessors-smart\1.2\accessors-smart-1.2.jar;e:\maven\repo\org\ow2\asm\asm\5.0.4\asm-5.0.4.jar;e:\maven\repo\junit\junit\4.12\junit-4.12.jar;e:\maven\repo\org\assertj\assertj-core\3.9.1\assertj-core-3.9.1.jar;e:\maven\repo\org\mockito\mockito-core\2.15.0\mockito-core-2.15.0.jar;e:\maven\repo\net\bytebuddy\byte-buddy\1.7.10\byte-buddy-1.7.10.jar;e:\maven\repo\net\bytebuddy\byte-buddy-agent\1.7.10\byte-buddy-agent-1.7.10.jar;e:\maven\repo\org\hamcrest\hamcrest-core\1.3\hamcrest-core-1.3.jar;e:\maven\repo\org\hamcrest\hamcrest-library\1.3\hamcrest-library-1.3.jar;e:\maven\repo\org\skyscreamer\jsonassert\1.5.0\jsonassert-1.5.0.jar;e:\maven\repo\com\vaadin\external\google\android-json\0.0.20131108.vaadin1\android-json-0.0.20131108.vaadin1.jar;e:\maven\repo\org\springframework\spring-core\5.0.4.RELEASE\spring-core-5.0.4.RELEASE.jar;e:\maven\repo\org\springframework\spring-jcl\5.0.4.RELEASE\spring-jcl-5.0.4.RELEASE.jar;e:\maven\repo\org\springframework\spring-test\5.0.4.RELEASE\spring-test-5.0.4.RELEASE.jar;e:\maven\repo\org\xmlunit\xmlunit-core\2.5.1\xmlunit-core-2.5.1.jar;e:\maven\repo\org\springframework\boot\spring-boot-devtools\2.0.0.RELEASE\spring-boot-devtools-2.0.0.RELEASE.jar;e:\maven\repo\org\springframework\boot\spring-boot\2.0.0.RELEASE\spring-boot-2.0.0.RELEASE.jar;e:\maven\repo\org\springframework\boot\spring-boot-autoconfigure\2.0.0.RELEASE\spring-boot-autoconfigure-2.0.0.RELEASE.jar;e:\maven\repo\org\webjars\bootstrap\3.3.7\bootstrap-3.3.7.jar;e:\maven\repo\org\webjars\jquery\3.1.1\jquery-3.1.1.jar;e:\maven\repo\org\springframework\boot\spring-boot-configuration-processor\2.0.0.RELEASE\spring-boot-configuration-processor-2.0.0.RELEASE.jar;e:\maven\repo\org\apache\commons\commons-compress\1.16.1\commons-compress-1.16.1.jar;e:\maven\repo\org\objenesis\objenesis\2.6\objenesis-2.6.jar;e:\maven\repo\org\springframework\boot\spring-boot-starter-security\1.5.10.RELEASE\spring-boot-starter-security-1.5.10.RELEASE.jar;e:\maven\repo\org\springframework\spring-aop\5.0.4.RELEASE\spring-aop-5.0.4.RELEASE.jar;e:\maven\repo\org\springframework\security\spring-security-config\5.0.3.RELEASE\spring-security-config-5.0.3.RELEASE.jar;e:\maven\repo\org\springframework\security\spring-security-core\5.0.3.RELEASE\spring-security-core-5.0.3.RELEASE.jar;e:\maven\repo\org\springframework\security\spring-security-web\5.0.3.RELEASE\spring-security-web-5.0.3.RELEASE.jar;, user.name=Odin, java.vm.specification.version=1.8, sun.java.command=C:\Users\Odin\AppData\Local\Temp\surefire8319725078250736634\surefirebooter1855315651548225389.jar C:\Users\Odin\AppData\Local\Temp\surefire8319725078250736634 2018-03-18T15-41-49_688-jvmRun1 surefire7567103773879365709tmp surefire_08319769884811442118tmp, java.home=C:\Program Files\Java\jdk1.8.0_74\jre, sun.arch.data.model=64, user.language=de, java.specification.vendor=Oracle Corporation, awt.toolkit=sun.awt.windows.WToolkit, java.vm.info=mixed mode, java.version=1.8.0_74, java.ext.dirs=C:\Program Files\Java\jdk1.8.0_74\jre\lib\ext;C:\WINDOWS\Sun\Java\lib\ext, sun.boot.class.path=C:\Program Files\Java\jdk1.8.0_74\jre\lib\resources.jar;C:\Program Files\Java\jdk1.8.0_74\jre\lib\rt.jar;C:\Program Files\Java\jdk1.8.0_74\jre\lib\sunrsasign.jar;C:\Program Files\Java\jdk1.8.0_74\jre\lib\jsse.jar;C:\Program Files\Java\jdk1.8.0_74\jre\lib\jce.jar;C:\Program Files\Java\jdk1.8.0_74\jre\lib\charsets.jar;C:\Program Files\Java\jdk1.8.0_74\jre\lib\jfr.jar;C:\Program Files\Java\jdk1.8.0_74\jre\classes, java.vendor=Oracle Corporation, localRepository=e:\maven\repo, file.separator=\, java.vendor.url.bug=http://bugreport.sun.com/bugreport/, sun.io.unicode.encoding=UnicodeLittle, sun.cpu.endian=little, sun.desktop=windows, sun.cpu.isalist=amd64}}, SystemEnvironmentPropertySource@700072760 {name='systemEnvironment', properties={PATH=C:/Program Files/Java/jre1.8.0_161/bin/server;C:/Program Files/Java/jre1.8.0_161/bin;C:/Program Files/Java/jre1.8.0_161/lib/amd64;C:\ProgramData\Oracle\Java\javapath;C:\GTK\bin;C:\Program Files (x86)\Brackets\command;C:\Program Files\nodejs\;C:\Program Files\Amazon\AWSCLI\;;C:\WINDOWS\system32;C:\WINDOWS;C:\WINDOWS\System32\Wbem;C:\WINDOWS\System32\WindowsPowerShell\v1.0\;C:\Program Files\PuTTY\;E:\Ruby200-x64\bin;C:\msysgit;C:\Users\Odin\AppData\Local\Microsoft\WindowsApps;C:\Program Files (x86)\Microsoft VS Code\bin;C:\Users\Odin\AppData\Roaming\npm\node_modules\cordova;C:\Program Files\Git\cmd\git.exe;C:\Users\Odin\AppData\Local\atom\bin;C:\Program Files\nodejs\;C:\Users\Odin\AppData\Roaming\npm;c:\Windows\system32;c:\Windows;%DASHLANE_DLL_DIR%;C:\Users\Odin\AppData\Local\Microsoft\WindowsApps;;D:\Users\Odin\Desktop;, USERDOMAIN_ROAMINGPROFILE=MARCOSNOTEBOOK, PROCESSOR_LEVEL=6, SYSTEMDRIVE=C:, FP_NO_HOST_CHECK=NO, VS140COMNTOOLS=D:\Program Files (x86)\Microsoft Visual Studio 14.0\Common7\Tools\, SESSIONNAME=Console, ALLUSERSPROFILE=C:\ProgramData, PROCESSOR_ARCHITECTURE=AMD64, JRE_HOME=C:\Program Files\Java\jdk1.8.0_74\jre, =E:=E:\eclipse-ws\FileAdmin, PROGRAMFILES=C:\Program Files, PSMODULEPATH=C:\WINDOWS\system32\WindowsPowerShell\v1.0\Modules;C:\Program Files (x86)\AutoIt3\AutoItX, PROGRAMDATA=C:\ProgramData, USERNAME=Odin, APR_ICONV1_PATH=d:\Program Files (x86)\WANdisco\Subversion\Apache2\bin\iconv, MSYSGIT=C:\msysgit, FPS_BROWSER_USER_PROFILE_STRING=Default, ONEDRIVE=D:\Users\Odin\One Drive\OneDrive, CONFIGSETROOT=C:\WINDOWS\ConfigSetRoot, PATHEXT=.COM;.EXE;.BAT;.CMD;.VBS;.VBE;.JS;.JSE;.WSF;.WSH;.MSC, DASHLANE_DLL_DIR=C:\Users\Odin\AppData\Roaming\Dashlane\4.6.8.25848\bin\Firefox_Extension\{442718d9-475e-452a-b3e1-fb1ee16b8e9f}\components, WINDIR=C:\WINDOWS, HOMEPATH=\Users\Odin, PROCESSOR_IDENTIFIER=Intel64 Family 6 Model 60 Stepping 3, GenuineIntel, PUBLIC=C:\Users\Public, =::=::\, LOCALAPPDATA=C:\Users\Odin\AppData\Local, COMMONPROGRAMFILES(X86)=C:\Program Files (x86)\Common Files, USERDOMAIN=MARCOSNOTEBOOK, FPS_BROWSER_APP_PROFILE_STRING=Internet Explorer, LOGONSERVER=\\MARCOSNOTEBOOK, JAVA_HOME=C:\Program Files\Java\jdk1.8.0_74, PROMPT=$P$G, PROGRAMFILES(X86)=C:\Program Files (x86), ASL.LOG=Destination=file, VS120COMNTOOLS=D:\Programme (x86)\Microsoft Visual Studio 12.0\Common7\Tools\, =C:=C:\WINDOWS\system32, APPDATA=C:\Users\Odin\AppData\Roaming, PROGRAMW6432=C:\Program Files, GTK_BASEPATH=C:\GTK, SYSTEMROOT=C:\WINDOWS, VBOX_MSI_INSTALL_PATH=C:\Program Files\Oracle\VirtualBox\, PROG27B48B2C051=1, OS=Windows_NT, COMMONPROGRAMW6432=C:\Program Files\Common Files, COMPUTERNAME=MARCOSNOTEBOOK, COMMONPROGRAMFILES=C:\Program Files\Common Files, COMSPEC=C:\WINDOWS\system32\cmd.exe, ANDROID_NDK_PATH=C:\Users\Odin\Documents\Android\ndk\android-ndk-r8d, PROCESSOR_REVISION=3c03, TEMP=C:\Users\Odin\AppData\Local\Temp, HOMEDRIVE=C:, USERPROFILE=C:\Users\Odin, TMP=C:\Users\Odin\AppData\Local\Temp, VS110COMNTOOLS=D:\Programme (x86)\Microsoft Visual Studio 11.0\Common7\Tools\, NUMBER_OF_PROCESSORS=8}}]
15:41:51.450 [main] DEBUG org.springframework.core.io.support.PathMatchingResourcePatternResolver - Resolved classpath location [de/oderkerk/tools/boot/fileuploader/] to resources [URL [file:/E:/eclipse-ws/FileAdmin/target/test-classes/de/oderkerk/tools/boot/fileuploader/], URL [file:/E:/eclipse-ws/FileAdmin/target/classes/de/oderkerk/tools/boot/fileuploader/]]
15:41:51.451 [main] DEBUG org.springframework.core.io.support.PathMatchingResourcePatternResolver - Looking for matching resources in directory tree [E:\eclipse-ws\FileAdmin\target\test-classes\de\oderkerk\tools\boot\fileuploader]
15:41:51.451 [main] DEBUG org.springframework.core.io.support.PathMatchingResourcePatternResolver - Searching directory [E:\eclipse-ws\FileAdmin\target\test-classes\de\oderkerk\tools\boot\fileuploader] for files matching pattern [E:/eclipse-ws/FileAdmin/target/test-classes/de/oderkerk/tools/boot/fileuploader/*.class]
15:41:51.455 [main] DEBUG org.springframework.core.io.support.PathMatchingResourcePatternResolver - Looking for matching resources in directory tree [E:\eclipse-ws\FileAdmin\target\classes\de\oderkerk\tools\boot\fileuploader]
15:41:51.455 [main] DEBUG org.springframework.core.io.support.PathMatchingResourcePatternResolver - Searching directory [E:\eclipse-ws\FileAdmin\target\classes\de\oderkerk\tools\boot\fileuploader] for files matching pattern [E:/eclipse-ws/FileAdmin/target/classes/de/oderkerk/tools/boot/fileuploader/*.class]
15:41:51.456 [main] DEBUG org.springframework.core.io.support.PathMatchingResourcePatternResolver - Resolved location pattern [classpath*:de/oderkerk/tools/boot/fileuploader/*.class] to resources [file [E:\eclipse-ws\FileAdmin\target\test-classes\de\oderkerk\tools\boot\fileuploader\FileUploadIntegrationTests.class], file [E:\eclipse-ws\FileAdmin\target\test-classes\de\oderkerk\tools\boot\fileuploader\FileUploadTests.class], file [E:\eclipse-ws\FileAdmin\target\classes\de\oderkerk\tools\boot\fileuploader\Application.class], file [E:\eclipse-ws\FileAdmin\target\classes\de\oderkerk\tools\boot\fileuploader\FileUploadController.class]]
15:41:51.505 [main] DEBUG org.springframework.context.annotation.ClassPathScanningCandidateComponentProvider - Identified candidate component class: file [E:\eclipse-ws\FileAdmin\target\classes\de\oderkerk\tools\boot\fileuploader\Application.class]
15:41:51.514 [main] INFO org.springframework.boot.test.context.SpringBootTestContextBootstrapper - Found @SpringBootConfiguration de.oderkerk.tools.boot.fileuploader.Application for test class de.oderkerk.tools.boot.fileuploader.FileUploadIntegrationTests
15:41:51.620 [main] DEBUG org.springframework.boot.test.context.SpringBootTestContextBootstrapper - @TestExecutionListeners is not present for class [de.oderkerk.tools.boot.fileuploader.FileUploadIntegrationTests]: using defaults.
15:41:51.620 [main] INFO org.springframework.boot.test.context.SpringBootTestContextBootstrapper - Loaded default TestExecutionListener class names from location [META-INF/spring.factories]: [org.springframework.boot.test.mock.mockito.MockitoTestExecutionListener, org.springframework.boot.test.mock.mockito.ResetMocksTestExecutionListener, org.springframework.boot.test.autoconfigure.restdocs.RestDocsTestExecutionListener, org.springframework.boot.test.autoconfigure.web.client.MockRestServiceServerResetTestExecutionListener, org.springframework.boot.test.autoconfigure.web.servlet.MockMvcPrintOnlyOnFailureTestExecutionListener, org.springframework.boot.test.autoconfigure.web.servlet.WebDriverTestExecutionListener, org.springframework.test.context.web.ServletTestExecutionListener, org.springframework.test.context.support.DirtiesContextBeforeModesTestExecutionListener, org.springframework.test.context.support.DependencyInjectionTestExecutionListener, org.springframework.test.context.support.DirtiesContextTestExecutionListener, org.springframework.test.context.transaction.TransactionalTestExecutionListener, org.springframework.test.context.jdbc.SqlScriptsTestExecutionListener]
15:41:51.631 [main] DEBUG org.springframework.boot.test.context.SpringBootTestContextBootstrapper - Skipping candidate TestExecutionListener [org.springframework.test.context.transaction.TransactionalTestExecutionListener] due to a missing dependency. Specify custom listener classes or make the default listener classes and their required dependencies available. Offending class: [org/springframework/transaction/interceptor/TransactionAttributeSource]
15:41:51.632 [main] DEBUG org.springframework.boot.test.context.SpringBootTestContextBootstrapper - Skipping candidate TestExecutionListener [org.springframework.test.context.jdbc.SqlScriptsTestExecutionListener] due to a missing dependency. Specify custom listener classes or make the default listener classes and their required dependencies available. Offending class: [org/springframework/transaction/interceptor/TransactionAttribute]
15:41:51.632 [main] INFO org.springframework.boot.test.context.SpringBootTestContextBootstrapper - Using TestExecutionListeners: [org.springframework.test.context.web.ServletTestExecutionListener@5c671d7f, org.springframework.test.context.support.DirtiesContextBeforeModesTestExecutionListener@757277dc, org.springframework.boot.test.mock.mockito.MockitoTestExecutionListener@687e99d8, org.springframework.boot.test.autoconfigure.SpringBootDependencyInjectionTestExecutionListener@e4487af, org.springframework.test.context.support.DirtiesContextTestExecutionListener@6aaceffd, org.springframework.boot.test.mock.mockito.ResetMocksTestExecutionListener@c86b9e3, org.springframework.boot.test.autoconfigure.restdocs.RestDocsTestExecutionListener@10aa41f2, org.springframework.boot.test.autoconfigure.web.client.MockRestServiceServerResetTestExecutionListener@3af9c5b7, org.springframework.boot.test.autoconfigure.web.servlet.MockMvcPrintOnlyOnFailureTestExecutionListener@37271612, org.springframework.boot.test.autoconfigure.web.servlet.WebDriverTestExecutionListener@ed7f8b4]
15:41:51.633 [main] DEBUG org.springframework.test.annotation.ProfileValueUtils - Retrieved @ProfileValueSourceConfiguration [null] for test class [de.oderkerk.tools.boot.fileuploader.FileUploadIntegrationTests]
15:41:51.634 [main] DEBUG org.springframework.test.annotation.ProfileValueUtils - Retrieved ProfileValueSource type [class org.springframework.test.annotation.SystemProfileValueSource] for class [de.oderkerk.tools.boot.fileuploader.FileUploadIntegrationTests]
15:41:51.634 [main] DEBUG org.springframework.test.annotation.ProfileValueUtils - Retrieved @ProfileValueSourceConfiguration [null] for test class [de.oderkerk.tools.boot.fileuploader.FileUploadIntegrationTests]
15:41:51.634 [main] DEBUG org.springframework.test.annotation.ProfileValueUtils - Retrieved ProfileValueSource type [class org.springframework.test.annotation.SystemProfileValueSource] for class [de.oderkerk.tools.boot.fileuploader.FileUploadIntegrationTests]
15:41:51.635 [main] DEBUG org.springframework.test.annotation.ProfileValueUtils - Retrieved @ProfileValueSourceConfiguration [null] for test class [de.oderkerk.tools.boot.fileuploader.FileUploadIntegrationTests]
15:41:51.635 [main] DEBUG org.springframework.test.annotation.ProfileValueUtils - Retrieved ProfileValueSource type [class org.springframework.test.annotation.SystemProfileValueSource] for class [de.oderkerk.tools.boot.fileuploader.FileUploadIntegrationTests]
15:41:51.638 [main] DEBUG org.springframework.test.context.support.AbstractDirtiesContextTestExecutionListener - Before test class: context [DefaultTestContext@68267da0 testClass = FileUploadIntegrationTests, testInstance = [null], testMethod = [null], testException = [null], mergedContextConfiguration = [WebMergedContextConfiguration@2638011 testClass = FileUploadIntegrationTests, locations = '{}', classes = '{class de.oderkerk.tools.boot.fileuploader.Application}', contextInitializerClasses = '[]', activeProfiles = '{}', propertySourceLocations = '{}', propertySourceProperties = '{org.springframework.boot.test.context.SpringBootTestContextBootstrapper=true, server.port=0}', contextCustomizers = set[org.springframework.boot.test.context.filter.ExcludeFilterContextCustomizer@7181ae3f, org.springframework.boot.test.json.DuplicateJsonObjectContextCustomizerFactory$DuplicateJsonObjectContextCustomizer@32464a14, org.springframework.boot.test.mock.mockito.MockitoContextCustomizer@3f72361, org.springframework.boot.test.web.client.TestRestTemplateContextCustomizer@1445d7f, org.springframework.boot.test.autoconfigure.properties.PropertyMappingContextCustomizer@0, org.springframework.boot.test.autoconfigure.web.servlet.WebDriverContextCustomizerFactory$Customizer@1e9e725a], resourceBasePath = 'src/main/webapp', contextLoader = 'org.springframework.boot.test.context.SpringBootContextLoader', parent = [null]], attributes = map['org.springframework.test.context.web.ServletTestExecutionListener.activateListener' -> false]], class annotated with @DirtiesContext [false] with mode [null].
15:41:51.639 [main] DEBUG org.springframework.test.annotation.ProfileValueUtils - Retrieved @ProfileValueSourceConfiguration [null] for test class [de.oderkerk.tools.boot.fileuploader.FileUploadIntegrationTests]
15:41:51.639 [main] DEBUG org.springframework.test.annotation.ProfileValueUtils - Retrieved ProfileValueSource type [class org.springframework.test.annotation.SystemProfileValueSource] for class [de.oderkerk.tools.boot.fileuploader.FileUploadIntegrationTests]
15:41:51.661 [main] DEBUG org.springframework.core.env.StandardEnvironment - Adding PropertySource 'systemProperties' with lowest search precedence
15:41:51.661 [main] DEBUG org.springframework.core.env.StandardEnvironment - Adding PropertySource 'systemEnvironment' with lowest search precedence
15:41:51.662 [main] DEBUG org.springframework.core.env.StandardEnvironment - Initialized StandardEnvironment with PropertySources [MapPropertySource@336371513 {name='systemProperties', properties={java.runtime.name=Java(TM) SE Runtime Environment, sun.boot.library.path=C:\Program Files\Java\jdk1.8.0_74\jre\bin, java.vm.version=25.74-b02, java.vm.vendor=Oracle Corporation, java.vendor.url=http://java.oracle.com/, path.separator=;, java.vm.name=Java HotSpot(TM) 64-Bit Server VM, file.encoding.pkg=sun.io, user.country=DE, user.script=, sun.java.launcher=SUN_STANDARD, sun.os.patch.level=, java.vm.specification.name=Java Virtual Machine Specification, user.dir=E:\eclipse-ws\FileAdmin, java.runtime.version=1.8.0_74-b02, basedir=E:\eclipse-ws\FileAdmin, java.awt.graphicsenv=sun.awt.Win32GraphicsEnvironment, java.endorsed.dirs=C:\Program Files\Java\jdk1.8.0_74\jre\lib\endorsed, os.arch=amd64, surefire.real.class.path=C:\Users\Odin\AppData\Local\Temp\surefire8319725078250736634\surefirebooter1855315651548225389.jar, java.io.tmpdir=C:\Users\Odin\AppData\Local\Temp\, line.separator=
, java.vm.specification.vendor=Oracle Corporation, user.variant=, os.name=Windows 10, sun.jnu.encoding=Cp1252, java.library.path=C:\Program Files\Java\jdk1.8.0_74\jre\bin;C:\WINDOWS\Sun\Java\bin;C:\WINDOWS\system32;C:\WINDOWS;C:/Program Files/Java/jre1.8.0_161/bin/server;C:/Program Files/Java/jre1.8.0_161/bin;C:/Program Files/Java/jre1.8.0_161/lib/amd64;C:\ProgramData\Oracle\Java\javapath;C:\GTK\bin;C:\Program Files (x86)\Brackets\command;C:\Program Files\nodejs\;C:\Program Files\Amazon\AWSCLI\;;C:\WINDOWS\system32;C:\WINDOWS;C:\WINDOWS\System32\Wbem;C:\WINDOWS\System32\WindowsPowerShell\v1.0\;C:\Program Files\PuTTY\;E:\Ruby200-x64\bin;C:\msysgit;C:\Users\Odin\AppData\Local\Microsoft\WindowsApps;C:\Program Files (x86)\Microsoft VS Code\bin;C:\Users\Odin\AppData\Roaming\npm\node_modules\cordova;C:\Program Files\Git\cmd\git.exe;C:\Users\Odin\AppData\Local\atom\bin;C:\Program Files\nodejs\;C:\Users\Odin\AppData\Roaming\npm;c:\Windows\system32;c:\Windows;%DASHLANE_DLL_DIR%;C:\Users\Odin\AppData\Local\Microsoft\WindowsApps;;D:\Users\Odin\Desktop;;., surefire.test.class.path=E:\eclipse-ws\FileAdmin\target\test-classes;E:\eclipse-ws\FileAdmin\target\classes;e:\maven\repo\org\springframework\boot\spring-boot-starter-web\2.0.0.RELEASE\spring-boot-starter-web-2.0.0.RELEASE.jar;e:\maven\repo\org\springframework\boot\spring-boot-starter\2.0.0.RELEASE\spring-boot-starter-2.0.0.RELEASE.jar;e:\maven\repo\org\springframework\boot\spring-boot-starter-logging\2.0.0.RELEASE\spring-boot-starter-logging-2.0.0.RELEASE.jar;e:\maven\repo\ch\qos\logback\logback-classic\1.2.3\logback-classic-1.2.3.jar;e:\maven\repo\ch\qos\logback\logback-core\1.2.3\logback-core-1.2.3.jar;e:\maven\repo\org\apache\logging\log4j\log4j-to-slf4j\2.10.0\log4j-to-slf4j-2.10.0.jar;e:\maven\repo\org\apache\logging\log4j\log4j-api\2.10.0\log4j-api-2.10.0.jar;e:\maven\repo\org\slf4j\jul-to-slf4j\1.7.25\jul-to-slf4j-1.7.25.jar;e:\maven\repo\javax\annotation\javax.annotation-api\1.3.2\javax.annotation-api-1.3.2.jar;e:\maven\repo\org\yaml\snakeyaml\1.19\snakeyaml-1.19.jar;e:\maven\repo\org\springframework\boot\spring-boot-starter-json\2.0.0.RELEASE\spring-boot-starter-json-2.0.0.RELEASE.jar;e:\maven\repo\com\fasterxml\jackson\core\jackson-databind\2.9.4\jackson-databind-2.9.4.jar;e:\maven\repo\com\fasterxml\jackson\core\jackson-annotations\2.9.0\jackson-annotations-2.9.0.jar;e:\maven\repo\com\fasterxml\jackson\core\jackson-core\2.9.4\jackson-core-2.9.4.jar;e:\maven\repo\com\fasterxml\jackson\datatype\jackson-datatype-jdk8\2.9.4\jackson-datatype-jdk8-2.9.4.jar;e:\maven\repo\com\fasterxml\jackson\datatype\jackson-datatype-jsr310\2.9.4\jackson-datatype-jsr310-2.9.4.jar;e:\maven\repo\com\fasterxml\jackson\module\jackson-module-parameter-names\2.9.4\jackson-module-parameter-names-2.9.4.jar;e:\maven\repo\org\springframework\boot\spring-boot-starter-tomcat\2.0.0.RELEASE\spring-boot-starter-tomcat-2.0.0.RELEASE.jar;e:\maven\repo\org\apache\tomcat\embed\tomcat-embed-core\8.5.28\tomcat-embed-core-8.5.28.jar;e:\maven\repo\org\apache\tomcat\embed\tomcat-embed-el\8.5.28\tomcat-embed-el-8.5.28.jar;e:\maven\repo\org\apache\tomcat\embed\tomcat-embed-websocket\8.5.28\tomcat-embed-websocket-8.5.28.jar;e:\maven\repo\org\hibernate\validator\hibernate-validator\6.0.7.Final\hibernate-validator-6.0.7.Final.jar;e:\maven\repo\javax\validation\validation-api\2.0.1.Final\validation-api-2.0.1.Final.jar;e:\maven\repo\org\jboss\logging\jboss-logging\3.3.2.Final\jboss-logging-3.3.2.Final.jar;e:\maven\repo\com\fasterxml\classmate\1.3.4\classmate-1.3.4.jar;e:\maven\repo\org\springframework\spring-web\5.0.4.RELEASE\spring-web-5.0.4.RELEASE.jar;e:\maven\repo\org\springframework\spring-beans\5.0.4.RELEASE\spring-beans-5.0.4.RELEASE.jar;e:\maven\repo\org\springframework\spring-webmvc\5.0.4.RELEASE\spring-webmvc-5.0.4.RELEASE.jar;e:\maven\repo\org\springframework\spring-context\5.0.4.RELEASE\spring-context-5.0.4.RELEASE.jar;e:\maven\repo\org\springframework\spring-expression\5.0.4.RELEASE\spring-expression-5.0.4.RELEASE.jar;e:\maven\repo\org\springframework\boot\spring-boot-starter-thymeleaf\2.0.0.RELEASE\spring-boot-starter-thymeleaf-2.0.0.RELEASE.jar;e:\maven\repo\org\thymeleaf\thymeleaf-spring5\3.0.9.RELEASE\thymeleaf-spring5-3.0.9.RELEASE.jar;e:\maven\repo\org\thymeleaf\thymeleaf\3.0.9.RELEASE\thymeleaf-3.0.9.RELEASE.jar;e:\maven\repo\org\attoparser\attoparser\2.0.4.RELEASE\attoparser-2.0.4.RELEASE.jar;e:\maven\repo\org\unbescape\unbescape\1.1.5.RELEASE\unbescape-1.1.5.RELEASE.jar;e:\maven\repo\org\slf4j\slf4j-api\1.7.25\slf4j-api-1.7.25.jar;e:\maven\repo\org\thymeleaf\extras\thymeleaf-extras-java8time\3.0.1.RELEASE\thymeleaf-extras-java8time-3.0.1.RELEASE.jar;e:\maven\repo\org\springframework\boot\spring-boot-starter-test\2.0.0.RELEASE\spring-boot-starter-test-2.0.0.RELEASE.jar;e:\maven\repo\org\springframework\boot\spring-boot-test\2.0.0.RELEASE\spring-boot-test-2.0.0.RELEASE.jar;e:\maven\repo\org\springframework\boot\spring-boot-test-autoconfigure\2.0.0.RELEASE\spring-boot-test-autoconfigure-2.0.0.RELEASE.jar;e:\maven\repo\com\jayway\jsonpath\json-path\2.4.0\json-path-2.4.0.jar;e:\maven\repo\net\minidev\json-smart\2.3\json-smart-2.3.jar;e:\maven\repo\net\minidev\accessors-smart\1.2\accessors-smart-1.2.jar;e:\maven\repo\org\ow2\asm\asm\5.0.4\asm-5.0.4.jar;e:\maven\repo\junit\junit\4.12\junit-4.12.jar;e:\maven\repo\org\assertj\assertj-core\3.9.1\assertj-core-3.9.1.jar;e:\maven\repo\org\mockito\mockito-core\2.15.0\mockito-core-2.15.0.jar;e:\maven\repo\net\bytebuddy\byte-buddy\1.7.10\byte-buddy-1.7.10.jar;e:\maven\repo\net\bytebuddy\byte-buddy-agent\1.7.10\byte-buddy-agent-1.7.10.jar;e:\maven\repo\org\hamcrest\hamcrest-core\1.3\hamcrest-core-1.3.jar;e:\maven\repo\org\hamcrest\hamcrest-library\1.3\hamcrest-library-1.3.jar;e:\maven\repo\org\skyscreamer\jsonassert\1.5.0\jsonassert-1.5.0.jar;e:\maven\repo\com\vaadin\external\google\android-json\0.0.20131108.vaadin1\android-json-0.0.20131108.vaadin1.jar;e:\maven\repo\org\springframework\spring-core\5.0.4.RELEASE\spring-core-5.0.4.RELEASE.jar;e:\maven\repo\org\springframework\spring-jcl\5.0.4.RELEASE\spring-jcl-5.0.4.RELEASE.jar;e:\maven\repo\org\springframework\spring-test\5.0.4.RELEASE\spring-test-5.0.4.RELEASE.jar;e:\maven\repo\org\xmlunit\xmlunit-core\2.5.1\xmlunit-core-2.5.1.jar;e:\maven\repo\org\springframework\boot\spring-boot-devtools\2.0.0.RELEASE\spring-boot-devtools-2.0.0.RELEASE.jar;e:\maven\repo\org\springframework\boot\spring-boot\2.0.0.RELEASE\spring-boot-2.0.0.RELEASE.jar;e:\maven\repo\org\springframework\boot\spring-boot-autoconfigure\2.0.0.RELEASE\spring-boot-autoconfigure-2.0.0.RELEASE.jar;e:\maven\repo\org\webjars\bootstrap\3.3.7\bootstrap-3.3.7.jar;e:\maven\repo\org\webjars\jquery\3.1.1\jquery-3.1.1.jar;e:\maven\repo\org\springframework\boot\spring-boot-configuration-processor\2.0.0.RELEASE\spring-boot-configuration-processor-2.0.0.RELEASE.jar;e:\maven\repo\org\apache\commons\commons-compress\1.16.1\commons-compress-1.16.1.jar;e:\maven\repo\org\objenesis\objenesis\2.6\objenesis-2.6.jar;e:\maven\repo\org\springframework\boot\spring-boot-starter-security\1.5.10.RELEASE\spring-boot-starter-security-1.5.10.RELEASE.jar;e:\maven\repo\org\springframework\spring-aop\5.0.4.RELEASE\spring-aop-5.0.4.RELEASE.jar;e:\maven\repo\org\springframework\security\spring-security-config\5.0.3.RELEASE\spring-security-config-5.0.3.RELEASE.jar;e:\maven\repo\org\springframework\security\spring-security-core\5.0.3.RELEASE\spring-security-core-5.0.3.RELEASE.jar;e:\maven\repo\org\springframework\security\spring-security-web\5.0.3.RELEASE\spring-security-web-5.0.3.RELEASE.jar;, java.specification.name=Java Platform API Specification, java.class.version=52.0, sun.management.compiler=HotSpot 64-Bit Tiered Compilers, os.version=10.0, user.home=C:\Users\Odin, user.timezone=Europe/Berlin, java.awt.printerjob=sun.awt.windows.WPrinterJob, file.encoding=Cp1252, java.specification.version=1.8, java.class.path=E:\eclipse-ws\FileAdmin\target\test-classes;E:\eclipse-ws\FileAdmin\target\classes;e:\maven\repo\org\springframework\boot\spring-boot-starter-web\2.0.0.RELEASE\spring-boot-starter-web-2.0.0.RELEASE.jar;e:\maven\repo\org\springframework\boot\spring-boot-starter\2.0.0.RELEASE\spring-boot-starter-2.0.0.RELEASE.jar;e:\maven\repo\org\springframework\boot\spring-boot-starter-logging\2.0.0.RELEASE\spring-boot-starter-logging-2.0.0.RELEASE.jar;e:\maven\repo\ch\qos\logback\logback-classic\1.2.3\logback-classic-1.2.3.jar;e:\maven\repo\ch\qos\logback\logback-core\1.2.3\logback-core-1.2.3.jar;e:\maven\repo\org\apache\logging\log4j\log4j-to-slf4j\2.10.0\log4j-to-slf4j-2.10.0.jar;e:\maven\repo\org\apache\logging\log4j\log4j-api\2.10.0\log4j-api-2.10.0.jar;e:\maven\repo\org\slf4j\jul-to-slf4j\1.7.25\jul-to-slf4j-1.7.25.jar;e:\maven\repo\javax\annotation\javax.annotation-api\1.3.2\javax.annotation-api-1.3.2.jar;e:\maven\repo\org\yaml\snakeyaml\1.19\snakeyaml-1.19.jar;e:\maven\repo\org\springframework\boot\spring-boot-starter-json\2.0.0.RELEASE\spring-boot-starter-json-2.0.0.RELEASE.jar;e:\maven\repo\com\fasterxml\jackson\core\jackson-databind\2.9.4\jackson-databind-2.9.4.jar;e:\maven\repo\com\fasterxml\jackson\core\jackson-annotations\2.9.0\jackson-annotations-2.9.0.jar;e:\maven\repo\com\fasterxml\jackson\core\jackson-core\2.9.4\jackson-core-2.9.4.jar;e:\maven\repo\com\fasterxml\jackson\datatype\jackson-datatype-jdk8\2.9.4\jackson-datatype-jdk8-2.9.4.jar;e:\maven\repo\com\fasterxml\jackson\datatype\jackson-datatype-jsr310\2.9.4\jackson-datatype-jsr310-2.9.4.jar;e:\maven\repo\com\fasterxml\jackson\module\jackson-module-parameter-names\2.9.4\jackson-module-parameter-names-2.9.4.jar;e:\maven\repo\org\springframework\boot\spring-boot-starter-tomcat\2.0.0.RELEASE\spring-boot-starter-tomcat-2.0.0.RELEASE.jar;e:\maven\repo\org\apache\tomcat\embed\tomcat-embed-core\8.5.28\tomcat-embed-core-8.5.28.jar;e:\maven\repo\org\apache\tomcat\embed\tomcat-embed-el\8.5.28\tomcat-embed-el-8.5.28.jar;e:\maven\repo\org\apache\tomcat\embed\tomcat-embed-websocket\8.5.28\tomcat-embed-websocket-8.5.28.jar;e:\maven\repo\org\hibernate\validator\hibernate-validator\6.0.7.Final\hibernate-validator-6.0.7.Final.jar;e:\maven\repo\javax\validation\validation-api\2.0.1.Final\validation-api-2.0.1.Final.jar;e:\maven\repo\org\jboss\logging\jboss-logging\3.3.2.Final\jboss-logging-3.3.2.Final.jar;e:\maven\repo\com\fasterxml\classmate\1.3.4\classmate-1.3.4.jar;e:\maven\repo\org\springframework\spring-web\5.0.4.RELEASE\spring-web-5.0.4.RELEASE.jar;e:\maven\repo\org\springframework\spring-beans\5.0.4.RELEASE\spring-beans-5.0.4.RELEASE.jar;e:\maven\repo\org\springframework\spring-webmvc\5.0.4.RELEASE\spring-webmvc-5.0.4.RELEASE.jar;e:\maven\repo\org\springframework\spring-context\5.0.4.RELEASE\spring-context-5.0.4.RELEASE.jar;e:\maven\repo\org\springframework\spring-expression\5.0.4.RELEASE\spring-expression-5.0.4.RELEASE.jar;e:\maven\repo\org\springframework\boot\spring-boot-starter-thymeleaf\2.0.0.RELEASE\spring-boot-starter-thymeleaf-2.0.0.RELEASE.jar;e:\maven\repo\org\thymeleaf\thymeleaf-spring5\3.0.9.RELEASE\thymeleaf-spring5-3.0.9.RELEASE.jar;e:\maven\repo\org\thymeleaf\thymeleaf\3.0.9.RELEASE\thymeleaf-3.0.9.RELEASE.jar;e:\maven\repo\org\attoparser\attoparser\2.0.4.RELEASE\attoparser-2.0.4.RELEASE.jar;e:\maven\repo\org\unbescape\unbescape\1.1.5.RELEASE\unbescape-1.1.5.RELEASE.jar;e:\maven\repo\org\slf4j\slf4j-api\1.7.25\slf4j-api-1.7.25.jar;e:\maven\repo\org\thymeleaf\extras\thymeleaf-extras-java8time\3.0.1.RELEASE\thymeleaf-extras-java8time-3.0.1.RELEASE.jar;e:\maven\repo\org\springframework\boot\spring-boot-starter-test\2.0.0.RELEASE\spring-boot-starter-test-2.0.0.RELEASE.jar;e:\maven\repo\org\springframework\boot\spring-boot-test\2.0.0.RELEASE\spring-boot-test-2.0.0.RELEASE.jar;e:\maven\repo\org\springframework\boot\spring-boot-test-autoconfigure\2.0.0.RELEASE\spring-boot-test-autoconfigure-2.0.0.RELEASE.jar;e:\maven\repo\com\jayway\jsonpath\json-path\2.4.0\json-path-2.4.0.jar;e:\maven\repo\net\minidev\json-smart\2.3\json-smart-2.3.jar;e:\maven\repo\net\minidev\accessors-smart\1.2\accessors-smart-1.2.jar;e:\maven\repo\org\ow2\asm\asm\5.0.4\asm-5.0.4.jar;e:\maven\repo\junit\junit\4.12\junit-4.12.jar;e:\maven\repo\org\assertj\assertj-core\3.9.1\assertj-core-3.9.1.jar;e:\maven\repo\org\mockito\mockito-core\2.15.0\mockito-core-2.15.0.jar;e:\maven\repo\net\bytebuddy\byte-buddy\1.7.10\byte-buddy-1.7.10.jar;e:\maven\repo\net\bytebuddy\byte-buddy-agent\1.7.10\byte-buddy-agent-1.7.10.jar;e:\maven\repo\org\hamcrest\hamcrest-core\1.3\hamcrest-core-1.3.jar;e:\maven\repo\org\hamcrest\hamcrest-library\1.3\hamcrest-library-1.3.jar;e:\maven\repo\org\skyscreamer\jsonassert\1.5.0\jsonassert-1.5.0.jar;e:\maven\repo\com\vaadin\external\google\android-json\0.0.20131108.vaadin1\android-json-0.0.20131108.vaadin1.jar;e:\maven\repo\org\springframework\spring-core\5.0.4.RELEASE\spring-core-5.0.4.RELEASE.jar;e:\maven\repo\org\springframework\spring-jcl\5.0.4.RELEASE\spring-jcl-5.0.4.RELEASE.jar;e:\maven\repo\org\springframework\spring-test\5.0.4.RELEASE\spring-test-5.0.4.RELEASE.jar;e:\maven\repo\org\xmlunit\xmlunit-core\2.5.1\xmlunit-core-2.5.1.jar;e:\maven\repo\org\springframework\boot\spring-boot-devtools\2.0.0.RELEASE\spring-boot-devtools-2.0.0.RELEASE.jar;e:\maven\repo\org\springframework\boot\spring-boot\2.0.0.RELEASE\spring-boot-2.0.0.RELEASE.jar;e:\maven\repo\org\springframework\boot\spring-boot-autoconfigure\2.0.0.RELEASE\spring-boot-autoconfigure-2.0.0.RELEASE.jar;e:\maven\repo\org\webjars\bootstrap\3.3.7\bootstrap-3.3.7.jar;e:\maven\repo\org\webjars\jquery\3.1.1\jquery-3.1.1.jar;e:\maven\repo\org\springframework\boot\spring-boot-configuration-processor\2.0.0.RELEASE\spring-boot-configuration-processor-2.0.0.RELEASE.jar;e:\maven\repo\org\apache\commons\commons-compress\1.16.1\commons-compress-1.16.1.jar;e:\maven\repo\org\objenesis\objenesis\2.6\objenesis-2.6.jar;e:\maven\repo\org\springframework\boot\spring-boot-starter-security\1.5.10.RELEASE\spring-boot-starter-security-1.5.10.RELEASE.jar;e:\maven\repo\org\springframework\spring-aop\5.0.4.RELEASE\spring-aop-5.0.4.RELEASE.jar;e:\maven\repo\org\springframework\security\spring-security-config\5.0.3.RELEASE\spring-security-config-5.0.3.RELEASE.jar;e:\maven\repo\org\springframework\security\spring-security-core\5.0.3.RELEASE\spring-security-core-5.0.3.RELEASE.jar;e:\maven\repo\org\springframework\security\spring-security-web\5.0.3.RELEASE\spring-security-web-5.0.3.RELEASE.jar;, user.name=Odin, java.vm.specification.version=1.8, sun.java.command=C:\Users\Odin\AppData\Local\Temp\surefire8319725078250736634\surefirebooter1855315651548225389.jar C:\Users\Odin\AppData\Local\Temp\surefire8319725078250736634 2018-03-18T15-41-49_688-jvmRun1 surefire7567103773879365709tmp surefire_08319769884811442118tmp, java.home=C:\Program Files\Java\jdk1.8.0_74\jre, sun.arch.data.model=64, user.language=de, java.specification.vendor=Oracle Corporation, awt.toolkit=sun.awt.windows.WToolkit, java.vm.info=mixed mode, java.version=1.8.0_74, java.ext.dirs=C:\Program Files\Java\jdk1.8.0_74\jre\lib\ext;C:\WINDOWS\Sun\Java\lib\ext, sun.boot.class.path=C:\Program Files\Java\jdk1.8.0_74\jre\lib\resources.jar;C:\Program Files\Java\jdk1.8.0_74\jre\lib\rt.jar;C:\Program Files\Java\jdk1.8.0_74\jre\lib\sunrsasign.jar;C:\Program Files\Java\jdk1.8.0_74\jre\lib\jsse.jar;C:\Program Files\Java\jdk1.8.0_74\jre\lib\jce.jar;C:\Program Files\Java\jdk1.8.0_74\jre\lib\charsets.jar;C:\Program Files\Java\jdk1.8.0_74\jre\lib\jfr.jar;C:\Program Files\Java\jdk1.8.0_74\jre\classes, java.vendor=Oracle Corporation, localRepository=e:\maven\repo, file.separator=\, java.vendor.url.bug=http://bugreport.sun.com/bugreport/, sun.io.unicode.encoding=UnicodeLittle, sun.cpu.endian=little, sun.desktop=windows, sun.cpu.isalist=amd64}}, SystemEnvironmentPropertySource@1301352406 {name='systemEnvironment', properties={PATH=C:/Program Files/Java/jre1.8.0_161/bin/server;C:/Program Files/Java/jre1.8.0_161/bin;C:/Program Files/Java/jre1.8.0_161/lib/amd64;C:\ProgramData\Oracle\Java\javapath;C:\GTK\bin;C:\Program Files (x86)\Brackets\command;C:\Program Files\nodejs\;C:\Program Files\Amazon\AWSCLI\;;C:\WINDOWS\system32;C:\WINDOWS;C:\WINDOWS\System32\Wbem;C:\WINDOWS\System32\WindowsPowerShell\v1.0\;C:\Program Files\PuTTY\;E:\Ruby200-x64\bin;C:\msysgit;C:\Users\Odin\AppData\Local\Microsoft\WindowsApps;C:\Program Files (x86)\Microsoft VS Code\bin;C:\Users\Odin\AppData\Roaming\npm\node_modules\cordova;C:\Program Files\Git\cmd\git.exe;C:\Users\Odin\AppData\Local\atom\bin;C:\Program Files\nodejs\;C:\Users\Odin\AppData\Roaming\npm;c:\Windows\system32;c:\Windows;%DASHLANE_DLL_DIR%;C:\Users\Odin\AppData\Local\Microsoft\WindowsApps;;D:\Users\Odin\Desktop;, USERDOMAIN_ROAMINGPROFILE=MARCOSNOTEBOOK, PROCESSOR_LEVEL=6, SYSTEMDRIVE=C:, FP_NO_HOST_CHECK=NO, VS140COMNTOOLS=D:\Program Files (x86)\Microsoft Visual Studio 14.0\Common7\Tools\, SESSIONNAME=Console, ALLUSERSPROFILE=C:\ProgramData, PROCESSOR_ARCHITECTURE=AMD64, JRE_HOME=C:\Program Files\Java\jdk1.8.0_74\jre, =E:=E:\eclipse-ws\FileAdmin, PROGRAMFILES=C:\Program Files, PSMODULEPATH=C:\WINDOWS\system32\WindowsPowerShell\v1.0\Modules;C:\Program Files (x86)\AutoIt3\AutoItX, PROGRAMDATA=C:\ProgramData, USERNAME=Odin, APR_ICONV1_PATH=d:\Program Files (x86)\WANdisco\Subversion\Apache2\bin\iconv, MSYSGIT=C:\msysgit, FPS_BROWSER_USER_PROFILE_STRING=Default, ONEDRIVE=D:\Users\Odin\One Drive\OneDrive, CONFIGSETROOT=C:\WINDOWS\ConfigSetRoot, PATHEXT=.COM;.EXE;.BAT;.CMD;.VBS;.VBE;.JS;.JSE;.WSF;.WSH;.MSC, DASHLANE_DLL_DIR=C:\Users\Odin\AppData\Roaming\Dashlane\4.6.8.25848\bin\Firefox_Extension\{442718d9-475e-452a-b3e1-fb1ee16b8e9f}\components, WINDIR=C:\WINDOWS, HOMEPATH=\Users\Odin, PROCESSOR_IDENTIFIER=Intel64 Family 6 Model 60 Stepping 3, GenuineIntel, PUBLIC=C:\Users\Public, =::=::\, LOCALAPPDATA=C:\Users\Odin\AppData\Local, COMMONPROGRAMFILES(X86)=C:\Program Files (x86)\Common Files, USERDOMAIN=MARCOSNOTEBOOK, FPS_BROWSER_APP_PROFILE_STRING=Internet Explorer, LOGONSERVER=\\MARCOSNOTEBOOK, JAVA_HOME=C:\Program Files\Java\jdk1.8.0_74, PROMPT=$P$G, PROGRAMFILES(X86)=C:\Program Files (x86), ASL.LOG=Destination=file, VS120COMNTOOLS=D:\Programme (x86)\Microsoft Visual Studio 12.0\Common7\Tools\, =C:=C:\WINDOWS\system32, APPDATA=C:\Users\Odin\AppData\Roaming, PROGRAMW6432=C:\Program Files, GTK_BASEPATH=C:\GTK, SYSTEMROOT=C:\WINDOWS, VBOX_MSI_INSTALL_PATH=C:\Program Files\Oracle\VirtualBox\, PROG27B48B2C051=1, OS=Windows_NT, COMMONPROGRAMW6432=C:\Program Files\Common Files, COMPUTERNAME=MARCOSNOTEBOOK, COMMONPROGRAMFILES=C:\Program Files\Common Files, COMSPEC=C:\WINDOWS\system32\cmd.exe, ANDROID_NDK_PATH=C:\Users\Odin\Documents\Android\ndk\android-ndk-r8d, PROCESSOR_REVISION=3c03, TEMP=C:\Users\Odin\AppData\Local\Temp, HOMEDRIVE=C:, USERPROFILE=C:\Users\Odin, TMP=C:\Users\Odin\AppData\Local\Temp, VS110COMNTOOLS=D:\Programme (x86)\Microsoft Visual Studio 11.0\Common7\Tools\, NUMBER_OF_PROCESSORS=8}}]
15:41:51.664 [main] DEBUG org.springframework.test.context.support.TestPropertySourceUtils - Adding inlined properties to environment: {spring.jmx.enabled=false, org.springframework.boot.test.context.SpringBootTestContextBootstrapper=true, server.port=0}
15:41:51.665 [main] DEBUG org.springframework.core.env.StandardEnvironment - Adding PropertySource 'Inlined Test Properties' with highest search precedence

  .   ____          _            __ _ _
 /\\ / ___'_ __ _ _(_)_ __  __ _ \ \ \ \
( ( )\___ | '_ | '_| | '_ \/ _` | \ \ \ \
 \\/  ___)| |_)| | | | | || (_| |  ) ) ) )
  '  |____| .__|_| |_|_| |_\__, | / / / /
 =========|_|==============|___/=/_/_/_/
 :: Spring Boot ::        (v2.0.0.RELEASE)

2018-03-18 15:41:51.952  INFO 3504 --- [           main] d.o.t.b.f.FileUploadIntegrationTests     : Starting FileUploadIntegrationTests on MarcosNotebook with PID 3504 (started by Odin in E:\eclipse-ws\FileAdmin)
2018-03-18 15:41:51.953  INFO 3504 --- [           main] d.o.t.b.f.FileUploadIntegrationTests     : No active profile set, falling back to default profiles: default
2018-03-18 15:41:51.983  INFO 3504 --- [           main] ConfigServletWebServerApplicationContext : Refreshing org.springframework.boot.web.servlet.context.AnnotationConfigServletWebServerApplicationContext@333d4a8c: startup date [Sun Mar 18 15:41:51 CET 2018]; root of context hierarchy
2018-03-18 15:41:54.031  INFO 3504 --- [           main] o.s.b.w.embedded.tomcat.TomcatWebServer  : Tomcat initialized with port(s): 0 (http)
2018-03-18 15:41:54.065  INFO 3504 --- [           main] o.apache.catalina.core.StandardService   : Starting service [Tomcat]
2018-03-18 15:41:54.065  INFO 3504 --- [           main] org.apache.catalina.core.StandardEngine  : Starting Servlet Engine: Apache Tomcat/8.5.28
2018-03-18 15:41:54.078  INFO 3504 --- [ost-startStop-1] o.a.catalina.core.AprLifecycleListener   : The APR based Apache Tomcat Native library which allows optimal performance in production environments was not found on the java.library.path: [C:\Program Files\Java\jdk1.8.0_74\jre\bin;C:\WINDOWS\Sun\Java\bin;C:\WINDOWS\system32;C:\WINDOWS;C:/Program Files/Java/jre1.8.0_161/bin/server;C:/Program Files/Java/jre1.8.0_161/bin;C:/Program Files/Java/jre1.8.0_161/lib/amd64;C:\ProgramData\Oracle\Java\javapath;C:\GTK\bin;C:\Program Files (x86)\Brackets\command;C:\Program Files\nodejs\;C:\Program Files\Amazon\AWSCLI\;;C:\WINDOWS\system32;C:\WINDOWS;C:\WINDOWS\System32\Wbem;C:\WINDOWS\System32\WindowsPowerShell\v1.0\;C:\Program Files\PuTTY\;E:\Ruby200-x64\bin;C:\msysgit;C:\Users\Odin\AppData\Local\Microsoft\WindowsApps;C:\Program Files (x86)\Microsoft VS Code\bin;C:\Users\Odin\AppData\Roaming\npm\node_modules\cordova;C:\Program Files\Git\cmd\git.exe;C:\Users\Odin\AppData\Local\atom\bin;C:\Program Files\nodejs\;C:\Users\Odin\AppData\Roaming\npm;c:\Windows\system32;c:\Windows;%DASHLANE_DLL_DIR%;C:\Users\Odin\AppData\Local\Microsoft\WindowsApps;;D:\Users\Odin\Desktop;;.]
2018-03-18 15:41:54.190  INFO 3504 --- [ost-startStop-1] o.a.c.c.C.[Tomcat].[localhost].[/]       : Initializing Spring embedded WebApplicationContext
2018-03-18 15:41:54.190  INFO 3504 --- [ost-startStop-1] o.s.web.context.ContextLoader            : Root WebApplicationContext: initialization completed in 2209 ms
2018-03-18 15:41:54.374  INFO 3504 --- [ost-startStop-1] o.s.b.w.servlet.FilterRegistrationBean   : Mapping filter: 'characterEncodingFilter' to: [/*]
2018-03-18 15:41:54.374  INFO 3504 --- [ost-startStop-1] o.s.b.w.servlet.FilterRegistrationBean   : Mapping filter: 'hiddenHttpMethodFilter' to: [/*]
2018-03-18 15:41:54.375  INFO 3504 --- [ost-startStop-1] o.s.b.w.servlet.FilterRegistrationBean   : Mapping filter: 'httpPutFormContentFilter' to: [/*]
2018-03-18 15:41:54.375  INFO 3504 --- [ost-startStop-1] o.s.b.w.servlet.FilterRegistrationBean   : Mapping filter: 'requestContextFilter' to: [/*]
2018-03-18 15:41:54.375  INFO 3504 --- [ost-startStop-1] .s.DelegatingFilterProxyRegistrationBean : Mapping filter: 'springSecurityFilterChain' to: [/*]
2018-03-18 15:41:54.376  INFO 3504 --- [ost-startStop-1] o.s.b.w.servlet.ServletRegistrationBean  : Servlet dispatcherServlet mapped to [/]
2018-03-18 15:41:54.552  WARN 3504 --- [           main] ConfigServletWebServerApplicationContext : Exception encountered during context initialization - cancelling refresh attempt: org.springframework.beans.factory.UnsatisfiedDependencyException: Error creating bean with name 'webSecurityConfig': Unsatisfied dependency expressed through field 'authEntryPoint'; nested exception is org.springframework.beans.factory.NoSuchBeanDefinitionException: No qualifying bean of type 'org.springframework.security.web.AuthenticationEntryPoint' available: expected at least 1 bean which qualifies as autowire candidate. Dependency annotations: {@org.springframework.beans.factory.annotation.Autowired(required=true)}
2018-03-18 15:41:54.554  INFO 3504 --- [           main] o.apache.catalina.core.StandardService   : Stopping service [Tomcat]
2018-03-18 15:41:54.569  INFO 3504 --- [           main] ConditionEvaluationReportLoggingListener : 

Error starting ApplicationContext. To display the conditions report re-run your application with 'debug' enabled.
2018-03-18 15:41:54.696 ERROR 3504 --- [           main] o.s.b.d.LoggingFailureAnalysisReporter   : 

***************************
APPLICATION FAILED TO START
***************************

Description:

Field authEntryPoint in de.oderkerk.tools.boot.fileuploader.security.WebSecurityConfig required a bean of type 'org.springframework.security.web.AuthenticationEntryPoint' that could not be found.


Action:

Consider defining a bean of type 'org.springframework.security.web.AuthenticationEntryPoint' in your configuration.

2018-03-18 15:41:54.704 ERROR 3504 --- [           main] o.s.test.context.TestContextManager      : Caught exception while allowing TestExecutionListener [org.springframework.boot.test.mock.mockito.MockitoTestExecutionListener@687e99d8] to prepare test instance [de.oderkerk.tools.boot.fileuploader.FileUploadIntegrationTests@55e2fe3c]

java.lang.IllegalStateException: Failed to load ApplicationContext
	at org.springframework.test.context.cache.DefaultCacheAwareContextLoaderDelegate.loadContext(DefaultCacheAwareContextLoaderDelegate.java:125) ~[spring-test-5.0.4.RELEASE.jar:5.0.4.RELEASE]
	at org.springframework.test.context.support.DefaultTestContext.getApplicationContext(DefaultTestContext.java:107) ~[spring-test-5.0.4.RELEASE.jar:5.0.4.RELEASE]
	at org.springframework.boot.test.mock.mockito.MockitoTestExecutionListener.postProcessFields(MockitoTestExecutionListener.java:99) ~[spring-boot-test-2.0.0.RELEASE.jar:2.0.0.RELEASE]
	at org.springframework.boot.test.mock.mockito.MockitoTestExecutionListener.injectFields(MockitoTestExecutionListener.java:79) ~[spring-boot-test-2.0.0.RELEASE.jar:2.0.0.RELEASE]
	at org.springframework.boot.test.mock.mockito.MockitoTestExecutionListener.prepareTestInstance(MockitoTestExecutionListener.java:54) ~[spring-boot-test-2.0.0.RELEASE.jar:2.0.0.RELEASE]
	at org.springframework.test.context.TestContextManager.prepareTestInstance(TestContextManager.java:242) ~[spring-test-5.0.4.RELEASE.jar:5.0.4.RELEASE]
	at org.springframework.test.context.junit4.SpringJUnit4ClassRunner.createTest(SpringJUnit4ClassRunner.java:227) [spring-test-5.0.4.RELEASE.jar:5.0.4.RELEASE]
	at org.springframework.test.context.junit4.SpringJUnit4ClassRunner$1.runReflectiveCall(SpringJUnit4ClassRunner.java:289) [spring-test-5.0.4.RELEASE.jar:5.0.4.RELEASE]
	at org.junit.internal.runners.model.ReflectiveCallable.run(ReflectiveCallable.java:12) [junit-4.12.jar:4.12]
	at org.springframework.test.context.junit4.SpringJUnit4ClassRunner.methodBlock(SpringJUnit4ClassRunner.java:291) [spring-test-5.0.4.RELEASE.jar:5.0.4.RELEASE]
	at org.springframework.test.context.junit4.SpringJUnit4ClassRunner.runChild(SpringJUnit4ClassRunner.java:246) [spring-test-5.0.4.RELEASE.jar:5.0.4.RELEASE]
	at org.springframework.test.context.junit4.SpringJUnit4ClassRunner.runChild(SpringJUnit4ClassRunner.java:97) [spring-test-5.0.4.RELEASE.jar:5.0.4.RELEASE]
	at org.junit.runners.ParentRunner$3.run(ParentRunner.java:290) [junit-4.12.jar:4.12]
	at org.junit.runners.ParentRunner$1.schedule(ParentRunner.java:71) [junit-4.12.jar:4.12]
	at org.junit.runners.ParentRunner.runChildren(ParentRunner.java:288) [junit-4.12.jar:4.12]
	at org.junit.runners.ParentRunner.access$000(ParentRunner.java:58) [junit-4.12.jar:4.12]
	at org.junit.runners.ParentRunner$2.evaluate(ParentRunner.java:268) [junit-4.12.jar:4.12]
	at org.springframework.test.context.junit4.statements.RunBeforeTestClassCallbacks.evaluate(RunBeforeTestClassCallbacks.java:61) [spring-test-5.0.4.RELEASE.jar:5.0.4.RELEASE]
	at org.springframework.test.context.junit4.statements.RunAfterTestClassCallbacks.evaluate(RunAfterTestClassCallbacks.java:70) [spring-test-5.0.4.RELEASE.jar:5.0.4.RELEASE]
	at org.junit.runners.ParentRunner.run(ParentRunner.java:363) [junit-4.12.jar:4.12]
	at org.springframework.test.context.junit4.SpringJUnit4ClassRunner.run(SpringJUnit4ClassRunner.java:190) [spring-test-5.0.4.RELEASE.jar:5.0.4.RELEASE]
	at org.apache.maven.surefire.junit4.JUnit4Provider.execute(JUnit4Provider.java:369) [surefire-junit4-2.20.1.jar:2.20.1]
	at org.apache.maven.surefire.junit4.JUnit4Provider.executeWithRerun(JUnit4Provider.java:275) [surefire-junit4-2.20.1.jar:2.20.1]
	at org.apache.maven.surefire.junit4.JUnit4Provider.executeTestSet(JUnit4Provider.java:239) [surefire-junit4-2.20.1.jar:2.20.1]
	at org.apache.maven.surefire.junit4.JUnit4Provider.invoke(JUnit4Provider.java:160) [surefire-junit4-2.20.1.jar:2.20.1]
	at org.apache.maven.surefire.booter.ForkedBooter.invokeProviderInSameClassLoader(ForkedBooter.java:373) [surefire-booter-2.20.1.jar:2.20.1]
	at org.apache.maven.surefire.booter.ForkedBooter.runSuitesInProcess(ForkedBooter.java:334) [surefire-booter-2.20.1.jar:2.20.1]
	at org.apache.maven.surefire.booter.ForkedBooter.execute(ForkedBooter.java:119) [surefire-booter-2.20.1.jar:2.20.1]
	at org.apache.maven.surefire.booter.ForkedBooter.main(ForkedBooter.java:407) [surefire-booter-2.20.1.jar:2.20.1]
Caused by: org.springframework.beans.factory.UnsatisfiedDependencyException: Error creating bean with name 'webSecurityConfig': Unsatisfied dependency expressed through field 'authEntryPoint'; nested exception is org.springframework.beans.factory.NoSuchBeanDefinitionException: No qualifying bean of type 'org.springframework.security.web.AuthenticationEntryPoint' available: expected at least 1 bean which qualifies as autowire candidate. Dependency annotations: {@org.springframework.beans.factory.annotation.Autowired(required=true)}
	at org.springframework.beans.factory.annotation.AutowiredAnnotationBeanPostProcessor$AutowiredFieldElement.inject(AutowiredAnnotationBeanPostProcessor.java:587) ~[spring-beans-5.0.4.RELEASE.jar:5.0.4.RELEASE]
	at org.springframework.beans.factory.annotation.InjectionMetadata.inject(InjectionMetadata.java:91) ~[spring-beans-5.0.4.RELEASE.jar:5.0.4.RELEASE]
	at org.springframework.beans.factory.annotation.AutowiredAnnotationBeanPostProcessor.postProcessPropertyValues(AutowiredAnnotationBeanPostProcessor.java:373) ~[spring-beans-5.0.4.RELEASE.jar:5.0.4.RELEASE]
	at org.springframework.beans.factory.support.AbstractAutowireCapableBeanFactory.populateBean(AbstractAutowireCapableBeanFactory.java:1344) ~[spring-beans-5.0.4.RELEASE.jar:5.0.4.RELEASE]
	at org.springframework.beans.factory.support.AbstractAutowireCapableBeanFactory.doCreateBean(AbstractAutowireCapableBeanFactory.java:582) ~[spring-beans-5.0.4.RELEASE.jar:5.0.4.RELEASE]
	at org.springframework.beans.factory.support.AbstractAutowireCapableBeanFactory.createBean(AbstractAutowireCapableBeanFactory.java:502) ~[spring-beans-5.0.4.RELEASE.jar:5.0.4.RELEASE]
	at org.springframework.beans.factory.support.AbstractBeanFactory.lambda$doGetBean$0(AbstractBeanFactory.java:312) ~[spring-beans-5.0.4.RELEASE.jar:5.0.4.RELEASE]
	at org.springframework.beans.factory.support.DefaultSingletonBeanRegistry.getSingleton(DefaultSingletonBeanRegistry.java:228) ~[spring-beans-5.0.4.RELEASE.jar:5.0.4.RELEASE]
	at org.springframework.beans.factory.support.AbstractBeanFactory.doGetBean(AbstractBeanFactory.java:310) ~[spring-beans-5.0.4.RELEASE.jar:5.0.4.RELEASE]
	at org.springframework.beans.factory.support.AbstractBeanFactory.getBean(AbstractBeanFactory.java:200) ~[spring-beans-5.0.4.RELEASE.jar:5.0.4.RELEASE]
	at org.springframework.beans.factory.support.DefaultListableBeanFactory.preInstantiateSingletons(DefaultListableBeanFactory.java:760) ~[spring-beans-5.0.4.RELEASE.jar:5.0.4.RELEASE]
	at org.springframework.context.support.AbstractApplicationContext.finishBeanFactoryInitialization(AbstractApplicationContext.java:868) ~[spring-context-5.0.4.RELEASE.jar:5.0.4.RELEASE]
	at org.springframework.context.support.AbstractApplicationContext.refresh(AbstractApplicationContext.java:549) ~[spring-context-5.0.4.RELEASE.jar:5.0.4.RELEASE]
	at org.springframework.boot.web.servlet.context.ServletWebServerApplicationContext.refresh(ServletWebServerApplicationContext.java:140) ~[spring-boot-2.0.0.RELEASE.jar:2.0.0.RELEASE]
	at org.springframework.boot.SpringApplication.refresh(SpringApplication.java:752) ~[spring-boot-2.0.0.RELEASE.jar:2.0.0.RELEASE]
	at org.springframework.boot.SpringApplication.refreshContext(SpringApplication.java:388) ~[spring-boot-2.0.0.RELEASE.jar:2.0.0.RELEASE]
	at org.springframework.boot.SpringApplication.run(SpringApplication.java:327) ~[spring-boot-2.0.0.RELEASE.jar:2.0.0.RELEASE]
	at org.springframework.boot.test.context.SpringBootContextLoader.loadContext(SpringBootContextLoader.java:138) ~[spring-boot-test-2.0.0.RELEASE.jar:2.0.0.RELEASE]
	at org.springframework.test.context.cache.DefaultCacheAwareContextLoaderDelegate.loadContextInternal(DefaultCacheAwareContextLoaderDelegate.java:99) ~[spring-test-5.0.4.RELEASE.jar:5.0.4.RELEASE]
	at org.springframework.test.context.cache.DefaultCacheAwareContextLoaderDelegate.loadContext(DefaultCacheAwareContextLoaderDelegate.java:117) ~[spring-test-5.0.4.RELEASE.jar:5.0.4.RELEASE]
	... 28 common frames omitted
Caused by: org.springframework.beans.factory.NoSuchBeanDefinitionException: No qualifying bean of type 'org.springframework.security.web.AuthenticationEntryPoint' available: expected at least 1 bean which qualifies as autowire candidate. Dependency annotations: {@org.springframework.beans.factory.annotation.Autowired(required=true)}
	at org.springframework.beans.factory.support.DefaultListableBeanFactory.raiseNoMatchingBeanFound(DefaultListableBeanFactory.java:1509) ~[spring-beans-5.0.4.RELEASE.jar:5.0.4.RELEASE]
	at org.springframework.beans.factory.support.DefaultListableBeanFactory.doResolveDependency(DefaultListableBeanFactory.java:1104) ~[spring-beans-5.0.4.RELEASE.jar:5.0.4.RELEASE]
	at org.springframework.beans.factory.support.DefaultListableBeanFactory.resolveDependency(DefaultListableBeanFactory.java:1065) ~[spring-beans-5.0.4.RELEASE.jar:5.0.4.RELEASE]
	at org.springframework.beans.factory.annotation.AutowiredAnnotationBeanPostProcessor$AutowiredFieldElement.inject(AutowiredAnnotationBeanPostProcessor.java:584) ~[spring-beans-5.0.4.RELEASE.jar:5.0.4.RELEASE]
	... 47 common frames omitted

]]></system-out>
  </testcase>
  <testcase name="shouldDownloadFile" classname="de.oderkerk.tools.boot.fileuploader.FileUploadIntegrationTests" time="0">
    <error message="Failed to load ApplicationContext" type="java.lang.IllegalStateException">java.lang.IllegalStateException: Failed to load ApplicationContext
Caused by: org.springframework.beans.factory.UnsatisfiedDependencyException: Error creating bean with name 'webSecurityConfig': Unsatisfied dependency expressed through field 'authEntryPoint'; nested exception is org.springframework.beans.factory.NoSuchBeanDefinitionException: No qualifying bean of type 'org.springframework.security.web.AuthenticationEntryPoint' available: expected at least 1 bean which qualifies as autowire candidate. Dependency annotations: {@org.springframework.beans.factory.annotation.Autowired(required=true)}
Caused by: org.springframework.beans.factory.NoSuchBeanDefinitionException: No qualifying bean of type 'org.springframework.security.web.AuthenticationEntryPoint' available: expected at least 1 bean which qualifies as autowire candidate. Dependency annotations: {@org.springframework.beans.factory.annotation.Autowired(required=true)}
</error>
    <system-out><![CDATA[
  .   ____          _            __ _ _
 /\\ / ___'_ __ _ _(_)_ __  __ _ \ \ \ \
( ( )\___ | '_ | '_| | '_ \/ _` | \ \ \ \
 \\/  ___)| |_)| | | | | || (_| |  ) ) ) )
  '  |____| .__|_| |_|_| |_\__, | / / / /
 =========|_|==============|___/=/_/_/_/
 :: Spring Boot ::        (v2.0.0.RELEASE)

2018-03-18 15:41:54.764  INFO 3504 --- [           main] d.o.t.b.f.FileUploadIntegrationTests     : Starting FileUploadIntegrationTests on MarcosNotebook with PID 3504 (started by Odin in E:\eclipse-ws\FileAdmin)
2018-03-18 15:41:54.764  INFO 3504 --- [           main] d.o.t.b.f.FileUploadIntegrationTests     : No active profile set, falling back to default profiles: default
2018-03-18 15:41:54.768  INFO 3504 --- [           main] ConfigServletWebServerApplicationContext : Refreshing org.springframework.boot.web.servlet.context.AnnotationConfigServletWebServerApplicationContext@36c0d0bd: startup date [Sun Mar 18 15:41:54 CET 2018]; root of context hierarchy
2018-03-18 15:41:55.166  INFO 3504 --- [           main] o.s.b.w.embedded.tomcat.TomcatWebServer  : Tomcat initialized with port(s): 0 (http)
2018-03-18 15:41:55.168  INFO 3504 --- [           main] o.apache.catalina.core.StandardService   : Starting service [Tomcat]
2018-03-18 15:41:55.169  INFO 3504 --- [           main] org.apache.catalina.core.StandardEngine  : Starting Servlet Engine: Apache Tomcat/8.5.28
2018-03-18 15:41:55.184  INFO 3504 --- [ost-startStop-1] o.a.c.c.C.[Tomcat-1].[localhost].[/]     : Initializing Spring embedded WebApplicationContext
2018-03-18 15:41:55.184  INFO 3504 --- [ost-startStop-1] o.s.web.context.ContextLoader            : Root WebApplicationContext: initialization completed in 416 ms
2018-03-18 15:41:55.321  INFO 3504 --- [ost-startStop-1] o.s.b.w.servlet.FilterRegistrationBean   : Mapping filter: 'characterEncodingFilter' to: [/*]
2018-03-18 15:41:55.322  INFO 3504 --- [ost-startStop-1] o.s.b.w.servlet.FilterRegistrationBean   : Mapping filter: 'hiddenHttpMethodFilter' to: [/*]
2018-03-18 15:41:55.322  INFO 3504 --- [ost-startStop-1] o.s.b.w.servlet.FilterRegistrationBean   : Mapping filter: 'httpPutFormContentFilter' to: [/*]
2018-03-18 15:41:55.322  INFO 3504 --- [ost-startStop-1] o.s.b.w.servlet.FilterRegistrationBean   : Mapping filter: 'requestContextFilter' to: [/*]
2018-03-18 15:41:55.322  INFO 3504 --- [ost-startStop-1] .s.DelegatingFilterProxyRegistrationBean : Mapping filter: 'springSecurityFilterChain' to: [/*]
2018-03-18 15:41:55.322  INFO 3504 --- [ost-startStop-1] o.s.b.w.servlet.ServletRegistrationBean  : Servlet dispatcherServlet mapped to [/]
2018-03-18 15:41:55.388  WARN 3504 --- [           main] ConfigServletWebServerApplicationContext : Exception encountered during context initialization - cancelling refresh attempt: org.springframework.beans.factory.UnsatisfiedDependencyException: Error creating bean with name 'webSecurityConfig': Unsatisfied dependency expressed through field 'authEntryPoint'; nested exception is org.springframework.beans.factory.NoSuchBeanDefinitionException: No qualifying bean of type 'org.springframework.security.web.AuthenticationEntryPoint' available: expected at least 1 bean which qualifies as autowire candidate. Dependency annotations: {@org.springframework.beans.factory.annotation.Autowired(required=true)}
2018-03-18 15:41:55.390  INFO 3504 --- [           main] o.apache.catalina.core.StandardService   : Stopping service [Tomcat]
2018-03-18 15:41:55.399  INFO 3504 --- [           main] ConditionEvaluationReportLoggingListener : 

Error starting ApplicationContext. To display the conditions report re-run your application with 'debug' enabled.
2018-03-18 15:41:55.480 ERROR 3504 --- [           main] o.s.b.d.LoggingFailureAnalysisReporter   : 

***************************
APPLICATION FAILED TO START
***************************

Description:

Field authEntryPoint in de.oderkerk.tools.boot.fileuploader.security.WebSecurityConfig required a bean of type 'org.springframework.security.web.AuthenticationEntryPoint' that could not be found.


Action:

Consider defining a bean of type 'org.springframework.security.web.AuthenticationEntryPoint' in your configuration.

2018-03-18 15:41:55.483 ERROR 3504 --- [           main] o.s.test.context.TestContextManager      : Caught exception while allowing TestExecutionListener [org.springframework.boot.test.mock.mockito.MockitoTestExecutionListener@687e99d8] to prepare test instance [de.oderkerk.tools.boot.fileuploader.FileUploadIntegrationTests@40e32762]

java.lang.IllegalStateException: Failed to load ApplicationContext
	at org.springframework.test.context.cache.DefaultCacheAwareContextLoaderDelegate.loadContext(DefaultCacheAwareContextLoaderDelegate.java:125) ~[spring-test-5.0.4.RELEASE.jar:5.0.4.RELEASE]
	at org.springframework.test.context.support.DefaultTestContext.getApplicationContext(DefaultTestContext.java:107) ~[spring-test-5.0.4.RELEASE.jar:5.0.4.RELEASE]
	at org.springframework.boot.test.mock.mockito.MockitoTestExecutionListener.postProcessFields(MockitoTestExecutionListener.java:99) ~[spring-boot-test-2.0.0.RELEASE.jar:2.0.0.RELEASE]
	at org.springframework.boot.test.mock.mockito.MockitoTestExecutionListener.injectFields(MockitoTestExecutionListener.java:79) ~[spring-boot-test-2.0.0.RELEASE.jar:2.0.0.RELEASE]
	at org.springframework.boot.test.mock.mockito.MockitoTestExecutionListener.prepareTestInstance(MockitoTestExecutionListener.java:54) ~[spring-boot-test-2.0.0.RELEASE.jar:2.0.0.RELEASE]
	at org.springframework.test.context.TestContextManager.prepareTestInstance(TestContextManager.java:242) ~[spring-test-5.0.4.RELEASE.jar:5.0.4.RELEASE]
	at org.springframework.test.context.junit4.SpringJUnit4ClassRunner.createTest(SpringJUnit4ClassRunner.java:227) [spring-test-5.0.4.RELEASE.jar:5.0.4.RELEASE]
	at org.springframework.test.context.junit4.SpringJUnit4ClassRunner$1.runReflectiveCall(SpringJUnit4ClassRunner.java:289) [spring-test-5.0.4.RELEASE.jar:5.0.4.RELEASE]
	at org.junit.internal.runners.model.ReflectiveCallable.run(ReflectiveCallable.java:12) [junit-4.12.jar:4.12]
	at org.springframework.test.context.junit4.SpringJUnit4ClassRunner.methodBlock(SpringJUnit4ClassRunner.java:291) [spring-test-5.0.4.RELEASE.jar:5.0.4.RELEASE]
	at org.springframework.test.context.junit4.SpringJUnit4ClassRunner.runChild(SpringJUnit4ClassRunner.java:246) [spring-test-5.0.4.RELEASE.jar:5.0.4.RELEASE]
	at org.springframework.test.context.junit4.SpringJUnit4ClassRunner.runChild(SpringJUnit4ClassRunner.java:97) [spring-test-5.0.4.RELEASE.jar:5.0.4.RELEASE]
	at org.junit.runners.ParentRunner$3.run(ParentRunner.java:290) [junit-4.12.jar:4.12]
	at org.junit.runners.ParentRunner$1.schedule(ParentRunner.java:71) [junit-4.12.jar:4.12]
	at org.junit.runners.ParentRunner.runChildren(ParentRunner.java:288) [junit-4.12.jar:4.12]
	at org.junit.runners.ParentRunner.access$000(ParentRunner.java:58) [junit-4.12.jar:4.12]
	at org.junit.runners.ParentRunner$2.evaluate(ParentRunner.java:268) [junit-4.12.jar:4.12]
	at org.springframework.test.context.junit4.statements.RunBeforeTestClassCallbacks.evaluate(RunBeforeTestClassCallbacks.java:61) [spring-test-5.0.4.RELEASE.jar:5.0.4.RELEASE]
	at org.springframework.test.context.junit4.statements.RunAfterTestClassCallbacks.evaluate(RunAfterTestClassCallbacks.java:70) [spring-test-5.0.4.RELEASE.jar:5.0.4.RELEASE]
	at org.junit.runners.ParentRunner.run(ParentRunner.java:363) [junit-4.12.jar:4.12]
	at org.springframework.test.context.junit4.SpringJUnit4ClassRunner.run(SpringJUnit4ClassRunner.java:190) [spring-test-5.0.4.RELEASE.jar:5.0.4.RELEASE]
	at org.apache.maven.surefire.junit4.JUnit4Provider.execute(JUnit4Provider.java:369) [surefire-junit4-2.20.1.jar:2.20.1]
	at org.apache.maven.surefire.junit4.JUnit4Provider.executeWithRerun(JUnit4Provider.java:275) [surefire-junit4-2.20.1.jar:2.20.1]
	at org.apache.maven.surefire.junit4.JUnit4Provider.executeTestSet(JUnit4Provider.java:239) [surefire-junit4-2.20.1.jar:2.20.1]
	at org.apache.maven.surefire.junit4.JUnit4Provider.invoke(JUnit4Provider.java:160) [surefire-junit4-2.20.1.jar:2.20.1]
	at org.apache.maven.surefire.booter.ForkedBooter.invokeProviderInSameClassLoader(ForkedBooter.java:373) [surefire-booter-2.20.1.jar:2.20.1]
	at org.apache.maven.surefire.booter.ForkedBooter.runSuitesInProcess(ForkedBooter.java:334) [surefire-booter-2.20.1.jar:2.20.1]
	at org.apache.maven.surefire.booter.ForkedBooter.execute(ForkedBooter.java:119) [surefire-booter-2.20.1.jar:2.20.1]
	at org.apache.maven.surefire.booter.ForkedBooter.main(ForkedBooter.java:407) [surefire-booter-2.20.1.jar:2.20.1]
Caused by: org.springframework.beans.factory.UnsatisfiedDependencyException: Error creating bean with name 'webSecurityConfig': Unsatisfied dependency expressed through field 'authEntryPoint'; nested exception is org.springframework.beans.factory.NoSuchBeanDefinitionException: No qualifying bean of type 'org.springframework.security.web.AuthenticationEntryPoint' available: expected at least 1 bean which qualifies as autowire candidate. Dependency annotations: {@org.springframework.beans.factory.annotation.Autowired(required=true)}
	at org.springframework.beans.factory.annotation.AutowiredAnnotationBeanPostProcessor$AutowiredFieldElement.inject(AutowiredAnnotationBeanPostProcessor.java:587) ~[spring-beans-5.0.4.RELEASE.jar:5.0.4.RELEASE]
	at org.springframework.beans.factory.annotation.InjectionMetadata.inject(InjectionMetadata.java:91) ~[spring-beans-5.0.4.RELEASE.jar:5.0.4.RELEASE]
	at org.springframework.beans.factory.annotation.AutowiredAnnotationBeanPostProcessor.postProcessPropertyValues(AutowiredAnnotationBeanPostProcessor.java:373) ~[spring-beans-5.0.4.RELEASE.jar:5.0.4.RELEASE]
	at org.springframework.beans.factory.support.AbstractAutowireCapableBeanFactory.populateBean(AbstractAutowireCapableBeanFactory.java:1344) ~[spring-beans-5.0.4.RELEASE.jar:5.0.4.RELEASE]
	at org.springframework.beans.factory.support.AbstractAutowireCapableBeanFactory.doCreateBean(AbstractAutowireCapableBeanFactory.java:582) ~[spring-beans-5.0.4.RELEASE.jar:5.0.4.RELEASE]
	at org.springframework.beans.factory.support.AbstractAutowireCapableBeanFactory.createBean(AbstractAutowireCapableBeanFactory.java:502) ~[spring-beans-5.0.4.RELEASE.jar:5.0.4.RELEASE]
	at org.springframework.beans.factory.support.AbstractBeanFactory.lambda$doGetBean$0(AbstractBeanFactory.java:312) ~[spring-beans-5.0.4.RELEASE.jar:5.0.4.RELEASE]
	at org.springframework.beans.factory.support.DefaultSingletonBeanRegistry.getSingleton(DefaultSingletonBeanRegistry.java:228) ~[spring-beans-5.0.4.RELEASE.jar:5.0.4.RELEASE]
	at org.springframework.beans.factory.support.AbstractBeanFactory.doGetBean(AbstractBeanFactory.java:310) ~[spring-beans-5.0.4.RELEASE.jar:5.0.4.RELEASE]
	at org.springframework.beans.factory.support.AbstractBeanFactory.getBean(AbstractBeanFactory.java:200) ~[spring-beans-5.0.4.RELEASE.jar:5.0.4.RELEASE]
	at org.springframework.beans.factory.support.DefaultListableBeanFactory.preInstantiateSingletons(DefaultListableBeanFactory.java:760) ~[spring-beans-5.0.4.RELEASE.jar:5.0.4.RELEASE]
	at org.springframework.context.support.AbstractApplicationContext.finishBeanFactoryInitialization(AbstractApplicationContext.java:868) ~[spring-context-5.0.4.RELEASE.jar:5.0.4.RELEASE]
	at org.springframework.context.support.AbstractApplicationContext.refresh(AbstractApplicationContext.java:549) ~[spring-context-5.0.4.RELEASE.jar:5.0.4.RELEASE]
	at org.springframework.boot.web.servlet.context.ServletWebServerApplicationContext.refresh(ServletWebServerApplicationContext.java:140) ~[spring-boot-2.0.0.RELEASE.jar:2.0.0.RELEASE]
	at org.springframework.boot.SpringApplication.refresh(SpringApplication.java:752) ~[spring-boot-2.0.0.RELEASE.jar:2.0.0.RELEASE]
	at org.springframework.boot.SpringApplication.refreshContext(SpringApplication.java:388) ~[spring-boot-2.0.0.RELEASE.jar:2.0.0.RELEASE]
	at org.springframework.boot.SpringApplication.run(SpringApplication.java:327) ~[spring-boot-2.0.0.RELEASE.jar:2.0.0.RELEASE]
	at org.springframework.boot.test.context.SpringBootContextLoader.loadContext(SpringBootContextLoader.java:138) ~[spring-boot-test-2.0.0.RELEASE.jar:2.0.0.RELEASE]
	at org.springframework.test.context.cache.DefaultCacheAwareContextLoaderDelegate.loadContextInternal(DefaultCacheAwareContextLoaderDelegate.java:99) ~[spring-test-5.0.4.RELEASE.jar:5.0.4.RELEASE]
	at org.springframework.test.context.cache.DefaultCacheAwareContextLoaderDelegate.loadContext(DefaultCacheAwareContextLoaderDelegate.java:117) ~[spring-test-5.0.4.RELEASE.jar:5.0.4.RELEASE]
	... 28 common frames omitted
Caused by: org.springframework.beans.factory.NoSuchBeanDefinitionException: No qualifying bean of type 'org.springframework.security.web.AuthenticationEntryPoint' available: expected at least 1 bean which qualifies as autowire candidate. Dependency annotations: {@org.springframework.beans.factory.annotation.Autowired(required=true)}
	at org.springframework.beans.factory.support.DefaultListableBeanFactory.raiseNoMatchingBeanFound(DefaultListableBeanFactory.java:1509) ~[spring-beans-5.0.4.RELEASE.jar:5.0.4.RELEASE]
	at org.springframework.beans.factory.support.DefaultListableBeanFactory.doResolveDependency(DefaultListableBeanFactory.java:1104) ~[spring-beans-5.0.4.RELEASE.jar:5.0.4.RELEASE]
	at org.springframework.beans.factory.support.DefaultListableBeanFactory.resolveDependency(DefaultListableBeanFactory.java:1065) ~[spring-beans-5.0.4.RELEASE.jar:5.0.4.RELEASE]
	at org.springframework.beans.factory.annotation.AutowiredAnnotationBeanPostProcessor$AutowiredFieldElement.inject(AutowiredAnnotationBeanPostProcessor.java:584) ~[spring-beans-5.0.4.RELEASE.jar:5.0.4.RELEASE]
	... 47 common frames omitted

]]></system-out>
  </testcase>
</testsuite>