<?xml version="1.0" encoding="UTF-8"?>
<testsuite xmlns:xsi="http://www.w3.org/2001/XMLSchema-instance" xsi:noNamespaceSchemaLocation="https://maven.apache.org/surefire/maven-surefire-plugin/xsd/surefire-test-report.xsd" name="de.oderkerk.tools.boot.fileuploader.FileUploadTests" time="1.777" tests="3" errors="0" skipped="0" failures="0">
  <properties>
[...]
</properties>
  <testcase name="shouldSaveUploadedFile" classname="de.oderkerk.tools.boot.fileuploader.FileUploadTests" time="0.021"/>
  <testcase name="should404WhenMissingFile" classname="de.oderkerk.tools.boot.fileuploader.FileUploadTests" time="0.205"/>
  <testcase name="shouldListAllFiles" classname="de.oderkerk.tools.boot.fileuploader.FileUploadTests" time="0.435"/>
</testsuite>